{"/Users/mayurrane/restaurant-issue-manager/src/components/CategoryButton.tsx": {"path":"/Users/mayurrane/restaurant-issue-manager/src/components/CategoryButton.tsx","statementMap":{"0":{"start":{"line":13,"column":17},"end":{"line":13,"column":42}},"1":{"start":{"line":15,"column":2},"end":{"line":35,"column":4}},"2":{"start":{"line":22,"column":21},"end":{"line":22,"column":38}},"3":{"start":{"line":40,"column":15},"end":{"line":72,"column":2}}},"fnMap":{"0":{"name":"CategoryButton","decl":{"start":{"line":12,"column":9},"end":{"line":12,"column":23}},"loc":{"start":{"line":12,"column":64},"end":{"line":36,"column":1}},"line":12},"1":{"name":"(anonymous_1)","decl":{"start":{"line":22,"column":15},"end":{"line":22,"column":16}},"loc":{"start":{"line":22,"column":21},"end":{"line":22,"column":38}},"line":22}},"branchMap":{"0":{"loc":{"start":{"line":19,"column":54},"end":{"line":19,"column":99}},"type":"cond-expr","locations":[{"start":{"line":19,"column":65},"end":{"line":19,"column":77}},{"start":{"line":19,"column":80},"end":{"line":19,"column":99}}],"line":19},"1":{"loc":{"start":{"line":20,"column":8},"end":{"line":20,"column":41}},"type":"binary-expr","locations":[{"start":{"line":20,"column":8},"end":{"line":20,"column":16}},{"start":{"line":20,"column":20},"end":{"line":20,"column":41}}],"line":20},"2":{"loc":{"start":{"line":26,"column":43},"end":{"line":26,"column":75}},"type":"cond-expr","locations":[{"start":{"line":26,"column":54},"end":{"line":26,"column":60}},{"start":{"line":26,"column":63},"end":{"line":26,"column":75}}],"line":26},"3":{"loc":{"start":{"line":29,"column":7},"end":{"line":33,"column":7}},"type":"binary-expr","locations":[{"start":{"line":29,"column":7},"end":{"line":29,"column":15}},{"start":{"line":30,"column":8},"end":{"line":32,"column":15}}],"line":29}},"s":{"0":0,"1":0,"2":0,"3":0},"f":{"0":0,"1":0},"b":{"0":[0,0],"1":[0,0],"2":[0,0],"3":[0,0]}}
,"/Users/mayurrane/restaurant-issue-manager/src/components/IssueCard.tsx": {"path":"/Users/mayurrane/restaurant-issue-manager/src/components/IssueCard.tsx","statementMap":{"0":{"start":{"line":15,"column":17},"end":{"line":15,"column":28}},"1":{"start":{"line":16,"column":17},"end":{"line":16,"column":48}},"2":{"start":{"line":18,"column":4},"end":{"line":19,"column":53}},"3":{"start":{"line":20,"column":18},"end":{"line":20,"column":85}},"4":{"start":{"line":23,"column":4},"end":{"line":27,"column":12}},"5":{"start":{"line":30,"column":4},"end":{"line":30,"column":89}},"6":{"start":{"line":32,"column":2},"end":{"line":76,"column":4}},"7":{"start":{"line":35,"column":21},"end":{"line":35,"column":54}},"8":{"start":{"line":62,"column":12},"end":{"line":62,"column":32}},"9":{"start":{"line":63,"column":12},"end":{"line":63,"column":40}},"10":{"start":{"line":81,"column":15},"end":{"line":139,"column":2}}},"fnMap":{"0":{"name":"IssueCard","decl":{"start":{"line":14,"column":9},"end":{"line":14,"column":18}},"loc":{"start":{"line":14,"column":47},"end":{"line":77,"column":1}},"line":14},"1":{"name":"(anonymous_1)","decl":{"start":{"line":35,"column":15},"end":{"line":35,"column":16}},"loc":{"start":{"line":35,"column":21},"end":{"line":35,"column":54}},"line":35},"2":{"name":"(anonymous_2)","decl":{"start":{"line":61,"column":19},"end":{"line":61,"column":20}},"loc":{"start":{"line":61,"column":26},"end":{"line":64,"column":11}},"line":61}},"branchMap":{"0":{"loc":{"start":{"line":18,"column":4},"end":{"line":19,"column":53}},"type":"binary-expr","locations":[{"start":{"line":18,"column":4},"end":{"line":18,"column":31}},{"start":{"line":19,"column":4},"end":{"line":19,"column":53}}],"line":18},"1":{"loc":{"start":{"line":23,"column":4},"end":{"line":27,"column":12}},"type":"cond-expr","locations":[{"start":{"line":24,"column":8},"end":{"line":24,"column":21}},{"start":{"line":25,"column":8},"end":{"line":27,"column":12}}],"line":23},"2":{"loc":{"start":{"line":25,"column":8},"end":{"line":27,"column":12}},"type":"cond-expr","locations":[{"start":{"line":26,"column":8},"end":{"line":26,"column":18}},{"start":{"line":27,"column":8},"end":{"line":27,"column":12}}],"line":25},"3":{"loc":{"start":{"line":30,"column":4},"end":{"line":30,"column":89}},"type":"cond-expr","locations":[{"start":{"line":30,"column":30},"end":{"line":30,"column":37}},{"start":{"line":30,"column":40},"end":{"line":30,"column":89}}],"line":30},"4":{"loc":{"start":{"line":30,"column":40},"end":{"line":30,"column":89}},"type":"cond-expr","locations":[{"start":{"line":30,"column":73},"end":{"line":30,"column":82}},{"start":{"line":30,"column":85},"end":{"line":30,"column":89}}],"line":30},"5":{"loc":{"start":{"line":34,"column":62},"end":{"line":34,"column":93}},"type":"binary-expr","locations":[{"start":{"line":34,"column":62},"end":{"line":34,"column":71}},{"start":{"line":34,"column":75},"end":{"line":34,"column":93}}],"line":34},"6":{"loc":{"start":{"line":53,"column":35},"end":{"line":53,"column":66}},"type":"binary-expr","locations":[{"start":{"line":53,"column":35},"end":{"line":53,"column":44}},{"start":{"line":53,"column":48},"end":{"line":53,"column":66}}],"line":53},"7":{"loc":{"start":{"line":54,"column":11},"end":{"line":54,"column":36}},"type":"cond-expr","locations":[{"start":{"line":54,"column":23},"end":{"line":54,"column":28}},{"start":{"line":54,"column":31},"end":{"line":54,"column":36}}],"line":54},"8":{"loc":{"start":{"line":58,"column":7},"end":{"line":68,"column":7}},"type":"binary-expr","locations":[{"start":{"line":58,"column":7},"end":{"line":58,"column":15}},{"start":{"line":58,"column":19},"end":{"line":58,"column":29}},{"start":{"line":58,"column":33},"end":{"line":58,"column":44}},{"start":{"line":59,"column":8},"end":{"line":67,"column":27}}],"line":58},"9":{"loc":{"start":{"line":70,"column":7},"end":{"line":74,"column":7}},"type":"binary-expr","locations":[{"start":{"line":70,"column":7},"end":{"line":70,"column":29}},{"start":{"line":71,"column":8},"end":{"line":73,"column":15}}],"line":70}},"s":{"0":0,"1":0,"2":0,"3":0,"4":0,"5":0,"6":0,"7":0,"8":0,"9":0,"10":0},"f":{"0":0,"1":0,"2":0},"b":{"0":[0,0],"1":[0,0],"2":[0,0],"3":[0,0],"4":[0,0],"5":[0,0],"6":[0,0],"7":[0,0],"8":[0,0,0,0],"9":[0,0]}}
,"/Users/mayurrane/restaurant-issue-manager/src/components/LoadingScreen.tsx": {"path":"/Users/mayurrane/restaurant-issue-manager/src/components/LoadingScreen.tsx","statementMap":{"0":{"start":{"line":6,"column":2},"end":{"line":12,"column":4}},"1":{"start":{"line":15,"column":15},"end":{"line":29,"column":2}}},"fnMap":{"0":{"name":"LoadingScreen","decl":{"start":{"line":5,"column":24},"end":{"line":5,"column":37}},"loc":{"start":{"line":5,"column":40},"end":{"line":13,"column":1}},"line":5}},"branchMap":{},"s":{"0":0,"1":0},"f":{"0":0},"b":{}}
,"/Users/mayurrane/restaurant-issue-manager/src/components/OfflineBanner.tsx": {"path":"/Users/mayurrane/restaurant-issue-manager/src/components/OfflineBanner.tsx","statementMap":{"0":{"start":{"line":7,"column":19},"end":{"line":7,"column":48}},"1":{"start":{"line":7,"column":37},"end":{"line":7,"column":47}},"2":{"start":{"line":9,"column":2},"end":{"line":9,"column":28}},"3":{"start":{"line":9,"column":16},"end":{"line":9,"column":28}},"4":{"start":{"line":11,"column":2},"end":{"line":16,"column":4}},"5":{"start":{"line":19,"column":15},"end":{"line":37,"column":2}}},"fnMap":{"0":{"name":"OfflineBanner","decl":{"start":{"line":6,"column":24},"end":{"line":6,"column":37}},"loc":{"start":{"line":6,"column":40},"end":{"line":17,"column":1}},"line":6},"1":{"name":"(anonymous_1)","decl":{"start":{"line":7,"column":30},"end":{"line":7,"column":31}},"loc":{"start":{"line":7,"column":37},"end":{"line":7,"column":47}},"line":7}},"branchMap":{"0":{"loc":{"start":{"line":9,"column":2},"end":{"line":9,"column":28}},"type":"if","locations":[{"start":{"line":9,"column":2},"end":{"line":9,"column":28}},{"start":{},"end":{}}],"line":9}},"s":{"0":0,"1":0,"2":0,"3":0,"4":0,"5":0},"f":{"0":0,"1":0},"b":{"0":[0,0]}}
,"/Users/mayurrane/restaurant-issue-manager/src/components/StatusBadge.tsx": {"path":"/Users/mayurrane/restaurant-issue-manager/src/components/StatusBadge.tsx","statementMap":{"0":{"start":{"line":12,"column":17},"end":{"line":12,"column":38}},"1":{"start":{"line":13,"column":18},"end":{"line":13,"column":31}},"2":{"start":{"line":15,"column":2},"end":{"line":19,"column":4}},"3":{"start":{"line":22,"column":15},"end":{"line":38,"column":2}}},"fnMap":{"0":{"name":"StatusBadge","decl":{"start":{"line":11,"column":24},"end":{"line":11,"column":35}},"loc":{"start":{"line":11,"column":68},"end":{"line":20,"column":1}},"line":11}},"branchMap":{"0":{"loc":{"start":{"line":11,"column":46},"end":{"line":11,"column":57}},"type":"default-arg","locations":[{"start":{"line":11,"column":53},"end":{"line":11,"column":57}}],"line":11},"1":{"loc":{"start":{"line":17,"column":33},"end":{"line":17,"column":60}},"type":"binary-expr","locations":[{"start":{"line":17,"column":33},"end":{"line":17,"column":40}},{"start":{"line":17,"column":44},"end":{"line":17,"column":60}}],"line":17}},"s":{"0":0,"1":0,"2":0,"3":0},"f":{"0":0},"b":{"0":[0],"1":[0,0]}}
,"/Users/mayurrane/restaurant-issue-manager/src/components/Toast.tsx": {"path":"/Users/mayurrane/restaurant-issue-manager/src/components/Toast.tsx","statementMap":{"0":{"start":{"line":6,"column":44},"end":{"line":11,"column":1}},"1":{"start":{"line":14,"column":31},"end":{"line":14,"column":43}},"2":{"start":{"line":15,"column":18},"end":{"line":15,"column":55}},"3":{"start":{"line":16,"column":21},"end":{"line":16,"column":59}},"4":{"start":{"line":18,"column":2},"end":{"line":30,"column":14}},"5":{"start":{"line":19,"column":4},"end":{"line":29,"column":5}},"6":{"start":{"line":20,"column":6},"end":{"line":23,"column":17}},"7":{"start":{"line":25,"column":6},"end":{"line":28,"column":17}},"8":{"start":{"line":32,"column":2},"end":{"line":32,"column":26}},"9":{"start":{"line":32,"column":14},"end":{"line":32,"column":26}},"10":{"start":{"line":34,"column":2},"end":{"line":45,"column":4}},"11":{"start":{"line":48,"column":15},"end":{"line":69,"column":2}}},"fnMap":{"0":{"name":"Toast","decl":{"start":{"line":13,"column":24},"end":{"line":13,"column":29}},"loc":{"start":{"line":13,"column":32},"end":{"line":46,"column":1}},"line":13},"1":{"name":"(anonymous_1)","decl":{"start":{"line":18,"column":12},"end":{"line":18,"column":13}},"loc":{"start":{"line":18,"column":18},"end":{"line":30,"column":3}},"line":18}},"branchMap":{"0":{"loc":{"start":{"line":19,"column":4},"end":{"line":29,"column":5}},"type":"if","locations":[{"start":{"line":19,"column":4},"end":{"line":29,"column":5}},{"start":{"line":24,"column":11},"end":{"line":29,"column":5}}],"line":19},"1":{"loc":{"start":{"line":32,"column":2},"end":{"line":32,"column":26}},"type":"if","locations":[{"start":{"line":32,"column":2},"end":{"line":32,"column":26}},{"start":{},"end":{}}],"line":32},"2":{"loc":{"start":{"line":38,"column":27},"end":{"line":38,"column":65}},"type":"binary-expr","locations":[{"start":{"line":38,"column":27},"end":{"line":38,"column":50}},{"start":{"line":38,"column":54},"end":{"line":38,"column":65}}],"line":38}},"s":{"0":0,"1":0,"2":0,"3":0,"4":0,"5":0,"6":0,"7":0,"8":0,"9":0,"10":0,"11":0},"f":{"0":0,"1":0},"b":{"0":[0,0],"1":[0,0],"2":[0,0]}}
,"/Users/mayurrane/restaurant-issue-manager/src/components/VoiceInput.tsx": {"path":"/Users/mayurrane/restaurant-issue-manager/src/components/VoiceInput.tsx","statementMap":{"0":{"start":{"line":15,"column":40},"end":{"line":15,"column":55}},"1":{"start":{"line":16,"column":43},"end":{"line":16,"column":55}},"2":{"start":{"line":17,"column":20},"end":{"line":17,"column":57}},"3":{"start":{"line":18,"column":19},"end":{"line":18,"column":67}},"4":{"start":{"line":20,"column":21},"end":{"line":28,"column":17}},"5":{"start":{"line":21,"column":4},"end":{"line":26,"column":6}},"6":{"start":{"line":27,"column":4},"end":{"line":27,"column":29}},"7":{"start":{"line":30,"column":20},"end":{"line":33,"column":17}},"8":{"start":{"line":31,"column":4},"end":{"line":31,"column":29}},"9":{"start":{"line":32,"column":4},"end":{"line":32,"column":93}},"10":{"start":{"line":35,"column":22},"end":{"line":56,"column":3}},"11":{"start":{"line":36,"column":4},"end":{"line":55,"column":5}},"12":{"start":{"line":37,"column":6},"end":{"line":37,"column":18}},"13":{"start":{"line":38,"column":6},"end":{"line":38,"column":28}},"14":{"start":{"line":39,"column":6},"end":{"line":39,"column":31}},"15":{"start":{"line":40,"column":6},"end":{"line":45,"column":7}},"16":{"start":{"line":41,"column":20},"end":{"line":41,"column":46}},"17":{"start":{"line":42,"column":8},"end":{"line":42,"column":42}},"18":{"start":{"line":42,"column":17},"end":{"line":42,"column":42}},"19":{"start":{"line":44,"column":8},"end":{"line":44,"column":55}},"20":{"start":{"line":47,"column":6},"end":{"line":54,"column":7}},"21":{"start":{"line":48,"column":8},"end":{"line":48,"column":36}},"22":{"start":{"line":49,"column":8},"end":{"line":49,"column":29}},"23":{"start":{"line":50,"column":8},"end":{"line":50,"column":32}},"24":{"start":{"line":51,"column":8},"end":{"line":51,"column":21}},"25":{"start":{"line":53,"column":8},"end":{"line":53,"column":55}},"26":{"start":{"line":58,"column":2},"end":{"line":71,"column":4}},"27":{"start":{"line":74,"column":15},"end":{"line":97,"column":2}}},"fnMap":{"0":{"name":"VoiceInput","decl":{"start":{"line":14,"column":24},"end":{"line":14,"column":34}},"loc":{"start":{"line":14,"column":67},"end":{"line":72,"column":1}},"line":14},"1":{"name":"(anonymous_1)","decl":{"start":{"line":20,"column":33},"end":{"line":20,"column":34}},"loc":{"start":{"line":20,"column":39},"end":{"line":28,"column":3}},"line":20},"2":{"name":"(anonymous_2)","decl":{"start":{"line":30,"column":32},"end":{"line":30,"column":33}},"loc":{"start":{"line":30,"column":38},"end":{"line":33,"column":3}},"line":30},"3":{"name":"(anonymous_3)","decl":{"start":{"line":35,"column":22},"end":{"line":35,"column":23}},"loc":{"start":{"line":35,"column":34},"end":{"line":56,"column":3}},"line":35}},"branchMap":{"0":{"loc":{"start":{"line":36,"column":4},"end":{"line":55,"column":5}},"type":"if","locations":[{"start":{"line":36,"column":4},"end":{"line":55,"column":5}},{"start":{"line":46,"column":11},"end":{"line":55,"column":5}}],"line":36},"1":{"loc":{"start":{"line":42,"column":8},"end":{"line":42,"column":42}},"type":"if","locations":[{"start":{"line":42,"column":8},"end":{"line":42,"column":42}},{"start":{},"end":{}}],"line":42},"2":{"loc":{"start":{"line":62,"column":30},"end":{"line":62,"column":64}},"type":"binary-expr","locations":[{"start":{"line":62,"column":30},"end":{"line":62,"column":41}},{"start":{"line":62,"column":45},"end":{"line":62,"column":64}}],"line":62},"3":{"loc":{"start":{"line":66,"column":37},"end":{"line":66,"column":61}},"type":"cond-expr","locations":[{"start":{"line":66,"column":51},"end":{"line":66,"column":54}},{"start":{"line":66,"column":57},"end":{"line":66,"column":61}}],"line":66},"4":{"loc":{"start":{"line":69,"column":34},"end":{"line":69,"column":64}},"type":"cond-expr","locations":[{"start":{"line":69,"column":48},"end":{"line":69,"column":54}},{"start":{"line":69,"column":57},"end":{"line":69,"column":64}}],"line":69}},"s":{"0":0,"1":0,"2":0,"3":0,"4":0,"5":0,"6":0,"7":0,"8":0,"9":0,"10":0,"11":0,"12":0,"13":0,"14":0,"15":0,"16":0,"17":0,"18":0,"19":0,"20":0,"21":0,"22":0,"23":0,"24":0,"25":0,"26":0,"27":0},"f":{"0":0,"1":0,"2":0,"3":0},"b":{"0":[0,0],"1":[0,0],"2":[0,0],"3":[0,0],"4":[0,0]}}
,"/Users/mayurrane/restaurant-issue-manager/src/constants/index.ts": {"path":"/Users/mayurrane/restaurant-issue-manager/src/constants/index.ts","statementMap":{"0":{"start":{"line":3,"column":22},"end":{"line":29,"column":10}},"1":{"start":{"line":34,"column":4},"end":{"line":39,"column":1}},"2":{"start":{"line":44,"column":4},"end":{"line":48,"column":1}},"3":{"start":{"line":50,"column":88},"end":{"line":55,"column":1}},"4":{"start":{"line":57,"column":34},"end":{"line":57,"column":48}},"5":{"start":{"line":59,"column":33},"end":{"line":59,"column":41}},"6":{"start":{"line":60,"column":32},"end":{"line":60,"column":39}}},"fnMap":{},"branchMap":{},"s":{"0":3,"1":3,"2":3,"3":3,"4":3,"5":3,"6":3},"f":{},"b":{},"_coverageSchema":"1a1c01bbd47fc00a2c39e90264f33305004495a9","hash":"486bc06f8cc710278aee001717dd8b96f55c21ac"}
,"/Users/mayurrane/restaurant-issue-manager/src/hooks/useIssueSubscription.ts": {"path":"/Users/mayurrane/restaurant-issue-manager/src/hooks/useIssueSubscription.ts","statementMap":{"0":{"start":{"line":8,"column":16},"end":{"line":8,"column":59}},"1":{"start":{"line":11,"column":15},"end":{"line":11,"column":42}},"2":{"start":{"line":11,"column":35},"end":{"line":11,"column":41}},"3":{"start":{"line":12,"column":64},"end":{"line":12,"column":79}},"4":{"start":{"line":13,"column":20},"end":{"line":13,"column":50}},"5":{"start":{"line":13,"column":38},"end":{"line":13,"column":49}},"6":{"start":{"line":15,"column":2},"end":{"line":45,"column":30}},"7":{"start":{"line":16,"column":4},"end":{"line":16,"column":22}},"8":{"start":{"line":16,"column":15},"end":{"line":16,"column":22}},"9":{"start":{"line":18,"column":4},"end":{"line":18,"column":21}},"10":{"start":{"line":20,"column":4},"end":{"line":25,"column":5}},"11":{"start":{"line":21,"column":25},"end":{"line":21,"column":66}},"12":{"start":{"line":22,"column":6},"end":{"line":22,"column":28}},"13":{"start":{"line":23,"column":6},"end":{"line":23,"column":24}},"14":{"start":{"line":24,"column":6},"end":{"line":24,"column":13}},"15":{"start":{"line":27,"column":4},"end":{"line":27,"column":23}},"16":{"start":{"line":29,"column":18},"end":{"line":42,"column":5}},"17":{"start":{"line":33,"column":8},"end":{"line":33,"column":26}},"18":{"start":{"line":34,"column":8},"end":{"line":34,"column":26}},"19":{"start":{"line":35,"column":8},"end":{"line":35,"column":23}},"20":{"start":{"line":38,"column":8},"end":{"line":38,"column":26}},"21":{"start":{"line":39,"column":8},"end":{"line":39,"column":30}},"22":{"start":{"line":40,"column":8},"end":{"line":40,"column":52}},"23":{"start":{"line":44,"column":4},"end":{"line":44,"column":17}}},"fnMap":{"0":{"name":"useIssueSubscription","decl":{"start":{"line":10,"column":16},"end":{"line":10,"column":36}},"loc":{"start":{"line":10,"column":39},"end":{"line":46,"column":1}},"line":10},"1":{"name":"(anonymous_1)","decl":{"start":{"line":11,"column":28},"end":{"line":11,"column":29}},"loc":{"start":{"line":11,"column":35},"end":{"line":11,"column":41}},"line":11},"2":{"name":"(anonymous_2)","decl":{"start":{"line":13,"column":31},"end":{"line":13,"column":32}},"loc":{"start":{"line":13,"column":38},"end":{"line":13,"column":49}},"line":13},"3":{"name":"(anonymous_3)","decl":{"start":{"line":15,"column":12},"end":{"line":15,"column":13}},"loc":{"start":{"line":15,"column":18},"end":{"line":45,"column":3}},"line":15},"4":{"name":"(anonymous_4)","decl":{"start":{"line":32,"column":6},"end":{"line":32,"column":7}},"loc":{"start":{"line":32,"column":18},"end":{"line":36,"column":7}},"line":32},"5":{"name":"(anonymous_5)","decl":{"start":{"line":37,"column":6},"end":{"line":37,"column":7}},"loc":{"start":{"line":37,"column":15},"end":{"line":41,"column":7}},"line":37}},"branchMap":{"0":{"loc":{"start":{"line":16,"column":4},"end":{"line":16,"column":22}},"type":"if","locations":[{"start":{"line":16,"column":4},"end":{"line":16,"column":22}},{"start":{},"end":{}}],"line":16},"1":{"loc":{"start":{"line":20,"column":4},"end":{"line":25,"column":5}},"type":"if","locations":[{"start":{"line":20,"column":4},"end":{"line":25,"column":5}},{"start":{},"end":{}}],"line":20}},"s":{"0":0,"1":0,"2":0,"3":0,"4":0,"5":0,"6":0,"7":0,"8":0,"9":0,"10":0,"11":0,"12":0,"13":0,"14":0,"15":0,"16":0,"17":0,"18":0,"19":0,"20":0,"21":0,"22":0,"23":0},"f":{"0":0,"1":0,"2":0,"3":0,"4":0,"5":0},"b":{"0":[0,0],"1":[0,0]}}
,"/Users/mayurrane/restaurant-issue-manager/src/hooks/useNetworkStatus.ts": {"path":"/Users/mayurrane/restaurant-issue-manager/src/hooks/useNetworkStatus.ts","statementMap":{"0":{"start":{"line":6,"column":20},"end":{"line":6,"column":50}},"1":{"start":{"line":6,"column":38},"end":{"line":6,"column":49}},"2":{"start":{"line":8,"column":2},"end":{"line":13,"column":18}},"3":{"start":{"line":9,"column":24},"end":{"line":11,"column":6}},"4":{"start":{"line":10,"column":6},"end":{"line":10,"column":43}},"5":{"start":{"line":12,"column":4},"end":{"line":12,"column":23}}},"fnMap":{"0":{"name":"useNetworkStatus","decl":{"start":{"line":5,"column":16},"end":{"line":5,"column":32}},"loc":{"start":{"line":5,"column":35},"end":{"line":14,"column":1}},"line":5},"1":{"name":"(anonymous_1)","decl":{"start":{"line":6,"column":31},"end":{"line":6,"column":32}},"loc":{"start":{"line":6,"column":38},"end":{"line":6,"column":49}},"line":6},"2":{"name":"(anonymous_2)","decl":{"start":{"line":8,"column":12},"end":{"line":8,"column":13}},"loc":{"start":{"line":8,"column":18},"end":{"line":13,"column":3}},"line":8},"3":{"name":"(anonymous_3)","decl":{"start":{"line":9,"column":49},"end":{"line":9,"column":50}},"loc":{"start":{"line":9,"column":60},"end":{"line":11,"column":5}},"line":9}},"branchMap":{"0":{"loc":{"start":{"line":10,"column":16},"end":{"line":10,"column":41}},"type":"binary-expr","locations":[{"start":{"line":10,"column":16},"end":{"line":10,"column":33}},{"start":{"line":10,"column":37},"end":{"line":10,"column":41}}],"line":10}},"s":{"0":0,"1":0,"2":0,"3":0,"4":0,"5":0},"f":{"0":0,"1":0,"2":0,"3":0},"b":{"0":[0,0]}}
,"/Users/mayurrane/restaurant-issue-manager/src/services/api/client.ts": {"path":"/Users/mayurrane/restaurant-issue-manager/src/services/api/client.ts","statementMap":{"0":{"start":{"line":4,"column":17},"end":{"line":4,"column":81}},"1":{"start":{"line":6,"column":25},"end":{"line":10,"column":2}},"2":{"start":{"line":13,"column":0},"end":{"line":23,"column":3}},"3":{"start":{"line":14,"column":2},"end":{"line":21,"column":3}},"4":{"start":{"line":15,"column":18},"end":{"line":15,"column":55}},"5":{"start":{"line":16,"column":4},"end":{"line":18,"column":5}},"6":{"start":{"line":17,"column":6},"end":{"line":17,"column":55}},"7":{"start":{"line":22,"column":2},"end":{"line":22,"column":16}},"8":{"start":{"line":25,"column":0},"end":{"line":34,"column":2}},"9":{"start":{"line":26,"column":11},"end":{"line":26,"column":14}},"10":{"start":{"line":29,"column":6},"end":{"line":31,"column":36}},"11":{"start":{"line":32,"column":4},"end":{"line":32,"column":46}}},"fnMap":{"0":{"name":"(anonymous_0)","decl":{"start":{"line":13,"column":35},"end":{"line":13,"column":36}},"loc":{"start":{"line":13,"column":53},"end":{"line":23,"column":1}},"line":13},"1":{"name":"(anonymous_1)","decl":{"start":{"line":26,"column":2},"end":{"line":26,"column":3}},"loc":{"start":{"line":26,"column":11},"end":{"line":26,"column":14}},"line":26},"2":{"name":"(anonymous_2)","decl":{"start":{"line":27,"column":2},"end":{"line":27,"column":3}},"loc":{"start":{"line":27,"column":25},"end":{"line":33,"column":3}},"line":27}},"branchMap":{"0":{"loc":{"start":{"line":4,"column":17},"end":{"line":4,"column":81}},"type":"binary-expr","locations":[{"start":{"line":4,"column":17},"end":{"line":4,"column":53}},{"start":{"line":4,"column":57},"end":{"line":4,"column":81}}],"line":4},"1":{"loc":{"start":{"line":16,"column":4},"end":{"line":18,"column":5}},"type":"if","locations":[{"start":{"line":16,"column":4},"end":{"line":18,"column":5}},{"start":{},"end":{}}],"line":16},"2":{"loc":{"start":{"line":29,"column":6},"end":{"line":31,"column":36}},"type":"binary-expr","locations":[{"start":{"line":29,"column":6},"end":{"line":29,"column":61}},{"start":{"line":30,"column":6},"end":{"line":30,"column":19}},{"start":{"line":31,"column":6},"end":{"line":31,"column":36}}],"line":29}},"s":{"0":2,"1":2,"2":2,"3":3,"4":3,"5":2,"6":1,"7":3,"8":2,"9":1,"10":3,"11":3},"f":{"0":3,"1":1,"2":3},"b":{"0":[2,2],"1":[1,1],"2":[3,2,1]},"_coverageSchema":"1a1c01bbd47fc00a2c39e90264f33305004495a9","hash":"73f10724f50b186e8553896d22e97ea5f585d8b5"}
,"/Users/mayurrane/restaurant-issue-manager/src/services/api/issueApi.ts": {"path":"/Users/mayurrane/restaurant-issue-manager/src/services/api/issueApi.ts","statementMap":{"0":{"start":{"line":5,"column":19},"end":{"line":5,"column":70}},"1":{"start":{"line":6,"column":2},"end":{"line":6,"column":14}},"2":{"start":{"line":10,"column":19},"end":{"line":10,"column":80}},"3":{"start":{"line":11,"column":2},"end":{"line":11,"column":14}},"4":{"start":{"line":15,"column":19},"end":{"line":15,"column":62}},"5":{"start":{"line":16,"column":2},"end":{"line":16,"column":14}}},"fnMap":{"0":{"name":"apiCreateIssue","decl":{"start":{"line":4,"column":22},"end":{"line":4,"column":36}},"loc":{"start":{"line":4,"column":82},"end":{"line":7,"column":1}},"line":4},"1":{"name":"apiUpdateIssue","decl":{"start":{"line":9,"column":22},"end":{"line":9,"column":36}},"loc":{"start":{"line":9,"column":86},"end":{"line":12,"column":1}},"line":9},"2":{"name":"apiFetchIssues","decl":{"start":{"line":14,"column":22},"end":{"line":14,"column":36}},"loc":{"start":{"line":14,"column":57},"end":{"line":17,"column":1}},"line":14}},"branchMap":{},"s":{"0":2,"1":1,"2":5,"3":4,"4":3,"5":2},"f":{"0":2,"1":5,"2":3},"b":{},"_coverageSchema":"1a1c01bbd47fc00a2c39e90264f33305004495a9","hash":"9a1e6edd17c79cd783f4a8c64a2a5b3b31acb4b3"}
,"/Users/mayurrane/restaurant-issue-manager/src/services/firebase/authService.ts": {"path":"/Users/mayurrane/restaurant-issue-manager/src/services/firebase/authService.ts","statementMap":{"0":{"start":{"line":20,"column":2},"end":{"line":20,"column":64}},"1":{"start":{"line":20,"column":20},"end":{"line":20,"column":64}},"2":{"start":{"line":21,"column":21},"end":{"line":21,"column":80}},"3":{"start":{"line":22,"column":2},"end":{"line":22,"column":56}},"4":{"start":{"line":23,"column":21},"end":{"line":23,"column":75}},"5":{"start":{"line":24,"column":2},"end":{"line":24,"column":93}},"6":{"start":{"line":25,"column":2},"end":{"line":25,"column":14}},"7":{"start":{"line":29,"column":2},"end":{"line":29,"column":57}},"8":{"start":{"line":29,"column":13},"end":{"line":29,"column":57}},"9":{"start":{"line":30,"column":21},"end":{"line":30,"column":76}},"10":{"start":{"line":31,"column":15},"end":{"line":31,"column":58}},"11":{"start":{"line":32,"column":2},"end":{"line":32,"column":78}},"12":{"start":{"line":32,"column":13},"end":{"line":32,"column":78}},"13":{"start":{"line":33,"column":2},"end":{"line":33,"column":14}},"14":{"start":{"line":37,"column":2},"end":{"line":37,"column":20}},"15":{"start":{"line":37,"column":13},"end":{"line":37,"column":20}},"16":{"start":{"line":38,"column":2},"end":{"line":38,"column":30}},"17":{"start":{"line":42,"column":2},"end":{"line":42,"column":23}},"18":{"start":{"line":42,"column":11},"end":{"line":42,"column":23}},"19":{"start":{"line":43,"column":15},"end":{"line":43,"column":59}},"20":{"start":{"line":44,"column":2},"end":{"line":44,"column":34}},"21":{"start":{"line":44,"column":22},"end":{"line":44,"column":34}},"22":{"start":{"line":45,"column":2},"end":{"line":45,"column":41}},"23":{"start":{"line":49,"column":2},"end":{"line":49,"column":18}},"24":{"start":{"line":49,"column":11},"end":{"line":49,"column":18}},"25":{"start":{"line":50,"column":2},"end":{"line":50,"column":85}},"26":{"start":{"line":54,"column":2},"end":{"line":54,"column":29}},"27":{"start":{"line":54,"column":13},"end":{"line":54,"column":29}},"28":{"start":{"line":55,"column":2},"end":{"line":55,"column":44}},"29":{"start":{"line":64,"column":2},"end":{"line":64,"column":18}},"30":{"start":{"line":64,"column":11},"end":{"line":64,"column":18}},"31":{"start":{"line":65,"column":2},"end":{"line":65,"column":77}}},"fnMap":{"0":{"name":"signUp","decl":{"start":{"line":14,"column":22},"end":{"line":14,"column":28}},"loc":{"start":{"line":19,"column":17},"end":{"line":26,"column":1}},"line":19},"1":{"name":"signIn","decl":{"start":{"line":28,"column":22},"end":{"line":28,"column":28}},"loc":{"start":{"line":28,"column":77},"end":{"line":34,"column":1}},"line":28},"2":{"name":"signOut","decl":{"start":{"line":36,"column":22},"end":{"line":36,"column":29}},"loc":{"start":{"line":36,"column":47},"end":{"line":39,"column":1}},"line":36},"3":{"name":"fetchUserProfile","decl":{"start":{"line":41,"column":22},"end":{"line":41,"column":38}},"loc":{"start":{"line":41,"column":74},"end":{"line":46,"column":1}},"line":41},"4":{"name":"updateFcmToken","decl":{"start":{"line":48,"column":22},"end":{"line":48,"column":36}},"loc":{"start":{"line":48,"column":80},"end":{"line":51,"column":1}},"line":48},"5":{"name":"onAuthChanged","decl":{"start":{"line":53,"column":16},"end":{"line":53,"column":29}},"loc":{"start":{"line":53,"column":77},"end":{"line":56,"column":1}},"line":53},"6":{"name":"(anonymous_6)","decl":{"start":{"line":54,"column":20},"end":{"line":54,"column":21}},"loc":{"start":{"line":54,"column":26},"end":{"line":54,"column":28}},"line":54},"7":{"name":"seedUserProfile","decl":{"start":{"line":58,"column":22},"end":{"line":58,"column":37}},"loc":{"start":{"line":63,"column":17},"end":{"line":66,"column":1}},"line":63}},"branchMap":{"0":{"loc":{"start":{"line":20,"column":2},"end":{"line":20,"column":64}},"type":"if","locations":[{"start":{"line":20,"column":2},"end":{"line":20,"column":64}},{"start":{},"end":{}}],"line":20},"1":{"loc":{"start":{"line":20,"column":6},"end":{"line":20,"column":18}},"type":"binary-expr","locations":[{"start":{"line":20,"column":6},"end":{"line":20,"column":11}},{"start":{"line":20,"column":15},"end":{"line":20,"column":18}}],"line":20},"2":{"loc":{"start":{"line":29,"column":2},"end":{"line":29,"column":57}},"type":"if","locations":[{"start":{"line":29,"column":2},"end":{"line":29,"column":57}},{"start":{},"end":{}}],"line":29},"3":{"loc":{"start":{"line":32,"column":2},"end":{"line":32,"column":78}},"type":"if","locations":[{"start":{"line":32,"column":2},"end":{"line":32,"column":78}},{"start":{},"end":{}}],"line":32},"4":{"loc":{"start":{"line":37,"column":2},"end":{"line":37,"column":20}},"type":"if","locations":[{"start":{"line":37,"column":2},"end":{"line":37,"column":20}},{"start":{},"end":{}}],"line":37},"5":{"loc":{"start":{"line":42,"column":2},"end":{"line":42,"column":23}},"type":"if","locations":[{"start":{"line":42,"column":2},"end":{"line":42,"column":23}},{"start":{},"end":{}}],"line":42},"6":{"loc":{"start":{"line":44,"column":2},"end":{"line":44,"column":34}},"type":"if","locations":[{"start":{"line":44,"column":2},"end":{"line":44,"column":34}},{"start":{},"end":{}}],"line":44},"7":{"loc":{"start":{"line":49,"column":2},"end":{"line":49,"column":18}},"type":"if","locations":[{"start":{"line":49,"column":2},"end":{"line":49,"column":18}},{"start":{},"end":{}}],"line":49},"8":{"loc":{"start":{"line":54,"column":2},"end":{"line":54,"column":29}},"type":"if","locations":[{"start":{"line":54,"column":2},"end":{"line":54,"column":29}},{"start":{},"end":{}}],"line":54},"9":{"loc":{"start":{"line":64,"column":2},"end":{"line":64,"column":18}},"type":"if","locations":[{"start":{"line":64,"column":2},"end":{"line":64,"column":18}},{"start":{},"end":{}}],"line":64}},"s":{"0":2,"1":0,"2":2,"3":1,"4":1,"5":1,"6":1,"7":3,"8":0,"9":3,"10":2,"11":2,"12":1,"13":1,"14":1,"15":0,"16":1,"17":4,"18":0,"19":4,"20":4,"21":2,"22":2,"23":1,"24":0,"25":1,"26":1,"27":0,"28":1,"29":1,"30":0,"31":1},"f":{"0":2,"1":3,"2":1,"3":4,"4":1,"5":1,"6":0,"7":1},"b":{"0":[0,2],"1":[2,2],"2":[0,3],"3":[1,1],"4":[0,1],"5":[0,4],"6":[2,2],"7":[0,1],"8":[0,1],"9":[0,1]},"_coverageSchema":"1a1c01bbd47fc00a2c39e90264f33305004495a9","hash":"a779543f903b04921a5bdf69c82210e4d6dfdf72"}
,"/Users/mayurrane/restaurant-issue-manager/src/services/firebase/config.ts": {"path":"/Users/mayurrane/restaurant-issue-manager/src/services/firebase/config.ts","statementMap":{"0":{"start":{"line":5,"column":16},"end":{"line":5,"column":59}},"1":{"start":{"line":7,"column":23},"end":{"line":14,"column":1}},"2":{"start":{"line":17,"column":30},"end":{"line":17,"column":34}},"3":{"start":{"line":18,"column":24},"end":{"line":18,"column":28}},"4":{"start":{"line":19,"column":27},"end":{"line":19,"column":31}},"5":{"start":{"line":21,"column":0},"end":{"line":32,"column":1}},"6":{"start":{"line":22,"column":22},"end":{"line":22,"column":44}},"7":{"start":{"line":23,"column":2},"end":{"line":23,"column":63}},"8":{"start":{"line":24,"column":2},"end":{"line":30,"column":3}},"9":{"start":{"line":25,"column":4},"end":{"line":27,"column":21}},"10":{"start":{"line":29,"column":4},"end":{"line":29,"column":50}},"11":{"start":{"line":31,"column":2},"end":{"line":31,"column":25}}},"fnMap":{},"branchMap":{"0":{"loc":{"start":{"line":8,"column":10},"end":{"line":8,"column":56}},"type":"binary-expr","locations":[{"start":{"line":8,"column":10},"end":{"line":8,"column":50}},{"start":{"line":8,"column":54},"end":{"line":8,"column":56}}],"line":8},"1":{"loc":{"start":{"line":9,"column":14},"end":{"line":9,"column":64}},"type":"binary-expr","locations":[{"start":{"line":9,"column":14},"end":{"line":9,"column":58}},{"start":{"line":9,"column":62},"end":{"line":9,"column":64}}],"line":9},"2":{"loc":{"start":{"line":10,"column":13},"end":{"line":10,"column":62}},"type":"binary-expr","locations":[{"start":{"line":10,"column":13},"end":{"line":10,"column":56}},{"start":{"line":10,"column":60},"end":{"line":10,"column":62}}],"line":10},"3":{"loc":{"start":{"line":11,"column":17},"end":{"line":11,"column":70}},"type":"binary-expr","locations":[{"start":{"line":11,"column":17},"end":{"line":11,"column":64}},{"start":{"line":11,"column":68},"end":{"line":11,"column":70}}],"line":11},"4":{"loc":{"start":{"line":12,"column":21},"end":{"line":12,"column":79}},"type":"binary-expr","locations":[{"start":{"line":12,"column":21},"end":{"line":12,"column":73}},{"start":{"line":12,"column":77},"end":{"line":12,"column":79}}],"line":12},"5":{"loc":{"start":{"line":13,"column":9},"end":{"line":13,"column":54}},"type":"binary-expr","locations":[{"start":{"line":13,"column":9},"end":{"line":13,"column":48}},{"start":{"line":13,"column":52},"end":{"line":13,"column":54}}],"line":13},"6":{"loc":{"start":{"line":21,"column":0},"end":{"line":32,"column":1}},"type":"if","locations":[{"start":{"line":21,"column":0},"end":{"line":32,"column":1}},{"start":{},"end":{}}],"line":21},"7":{"loc":{"start":{"line":23,"column":8},"end":{"line":23,"column":62}},"type":"cond-expr","locations":[{"start":{"line":23,"column":22},"end":{"line":23,"column":51}},{"start":{"line":23,"column":54},"end":{"line":23,"column":62}}],"line":23},"8":{"loc":{"start":{"line":25,"column":11},"end":{"line":27,"column":20}},"type":"cond-expr","locations":[{"start":{"line":26,"column":8},"end":{"line":26,"column":65}},{"start":{"line":27,"column":8},"end":{"line":27,"column":20}}],"line":25}},"s":{"0":2,"1":2,"2":2,"3":2,"4":2,"5":2,"6":2,"7":2,"8":2,"9":2,"10":2,"11":2},"f":{},"b":{"0":[2,2],"1":[2,2],"2":[2,2],"3":[2,2],"4":[2,2],"5":[2,2],"6":[2,0],"7":[2,0],"8":[2,0]},"_coverageSchema":"1a1c01bbd47fc00a2c39e90264f33305004495a9","hash":"2d4495dcd5e52da62daf37f9c1bd0a5999a413b5"}
,"/Users/mayurrane/restaurant-issue-manager/src/services/firebase/issueService.ts": {"path":"/Users/mayurrane/restaurant-issue-manager/src/services/firebase/issueService.ts","statementMap":{"0":{"start":{"line":19,"column":2},"end":{"line":36,"column":4}},"1":{"start":{"line":43,"column":2},"end":{"line":54,"column":3}},"2":{"start":{"line":45,"column":6},"end":{"line":45,"column":45}},"3":{"start":{"line":47,"column":6},"end":{"line":47,"column":47}},"4":{"start":{"line":49,"column":6},"end":{"line":49,"column":63}},"5":{"start":{"line":51,"column":6},"end":{"line":51,"column":16}},"6":{"start":{"line":53,"column":6},"end":{"line":53,"column":16}},"7":{"start":{"line":66,"column":2},"end":{"line":66,"column":79}},"8":{"start":{"line":66,"column":13},"end":{"line":66,"column":60}},"9":{"start":{"line":66,"column":61},"end":{"line":66,"column":77}},"10":{"start":{"line":67,"column":22},"end":{"line":67,"column":51}},"11":{"start":{"line":68,"column":12},"end":{"line":72,"column":3}},"12":{"start":{"line":74,"column":2},"end":{"line":84,"column":4}},"13":{"start":{"line":77,"column":30},"end":{"line":77,"column":32}},"14":{"start":{"line":78,"column":6},"end":{"line":80,"column":9}},"15":{"start":{"line":79,"column":8},"end":{"line":79,"column":84}},"16":{"start":{"line":81,"column":6},"end":{"line":81,"column":23}},"17":{"start":{"line":83,"column":13},"end":{"line":83,"column":34}},"18":{"start":{"line":92,"column":2},"end":{"line":92,"column":55}},"19":{"start":{"line":92,"column":11},"end":{"line":92,"column":55}},"20":{"start":{"line":93,"column":14},"end":{"line":101,"column":4}},"21":{"start":{"line":102,"column":2},"end":{"line":102,"column":16}},"22":{"start":{"line":106,"column":2},"end":{"line":106,"column":55}},"23":{"start":{"line":106,"column":11},"end":{"line":106,"column":55}},"24":{"start":{"line":107,"column":2},"end":{"line":110,"column":5}}},"fnMap":{"0":{"name":"toIssue","decl":{"start":{"line":18,"column":9},"end":{"line":18,"column":16}},"loc":{"start":{"line":18,"column":67},"end":{"line":37,"column":1}},"line":18},"1":{"name":"getRoleConstraints","decl":{"start":{"line":42,"column":9},"end":{"line":42,"column":27}},"loc":{"start":{"line":42,"column":76},"end":{"line":55,"column":1}},"line":42},"2":{"name":"subscribeToIssues","decl":{"start":{"line":60,"column":16},"end":{"line":60,"column":33}},"loc":{"start":{"line":65,"column":14},"end":{"line":85,"column":1}},"line":65},"3":{"name":"(anonymous_3)","decl":{"start":{"line":66,"column":68},"end":{"line":66,"column":69}},"loc":{"start":{"line":66,"column":74},"end":{"line":66,"column":76}},"line":66},"4":{"name":"(anonymous_4)","decl":{"start":{"line":76,"column":4},"end":{"line":76,"column":5}},"loc":{"start":{"line":76,"column":18},"end":{"line":82,"column":5}},"line":76},"5":{"name":"(anonymous_5)","decl":{"start":{"line":78,"column":23},"end":{"line":78,"column":24}},"loc":{"start":{"line":78,"column":36},"end":{"line":80,"column":7}},"line":78},"6":{"name":"(anonymous_6)","decl":{"start":{"line":83,"column":4},"end":{"line":83,"column":5}},"loc":{"start":{"line":83,"column":13},"end":{"line":83,"column":34}},"line":83},"7":{"name":"createIssue","decl":{"start":{"line":87,"column":22},"end":{"line":87,"column":33}},"loc":{"start":{"line":91,"column":19},"end":{"line":103,"column":1}},"line":91},"8":{"name":"updateIssueStatus","decl":{"start":{"line":105,"column":22},"end":{"line":105,"column":39}},"loc":{"start":{"line":105,"column":88},"end":{"line":111,"column":1}},"line":105}},"branchMap":{"0":{"loc":{"start":{"line":29,"column":6},"end":{"line":31,"column":50}},"type":"cond-expr","locations":[{"start":{"line":30,"column":10},"end":{"line":30,"column":35}},{"start":{"line":31,"column":10},"end":{"line":31,"column":50}}],"line":29},"1":{"loc":{"start":{"line":31,"column":10},"end":{"line":31,"column":50}},"type":"binary-expr","locations":[{"start":{"line":31,"column":11},"end":{"line":31,"column":35}},{"start":{"line":31,"column":40},"end":{"line":31,"column":50}}],"line":31},"2":{"loc":{"start":{"line":33,"column":6},"end":{"line":35,"column":50}},"type":"cond-expr","locations":[{"start":{"line":34,"column":10},"end":{"line":34,"column":35}},{"start":{"line":35,"column":10},"end":{"line":35,"column":50}}],"line":33},"3":{"loc":{"start":{"line":35,"column":10},"end":{"line":35,"column":50}},"type":"binary-expr","locations":[{"start":{"line":35,"column":11},"end":{"line":35,"column":35}},{"start":{"line":35,"column":40},"end":{"line":35,"column":50}}],"line":35},"4":{"loc":{"start":{"line":43,"column":2},"end":{"line":54,"column":3}},"type":"switch","locations":[{"start":{"line":44,"column":4},"end":{"line":45,"column":45}},{"start":{"line":46,"column":4},"end":{"line":47,"column":47}},{"start":{"line":48,"column":4},"end":{"line":49,"column":63}},{"start":{"line":50,"column":4},"end":{"line":51,"column":16}},{"start":{"line":52,"column":4},"end":{"line":53,"column":16}}],"line":43},"5":{"loc":{"start":{"line":66,"column":2},"end":{"line":66,"column":79}},"type":"if","locations":[{"start":{"line":66,"column":2},"end":{"line":66,"column":79}},{"start":{},"end":{}}],"line":66},"6":{"loc":{"start":{"line":92,"column":2},"end":{"line":92,"column":55}},"type":"if","locations":[{"start":{"line":92,"column":2},"end":{"line":92,"column":55}},{"start":{},"end":{}}],"line":92},"7":{"loc":{"start":{"line":106,"column":2},"end":{"line":106,"column":55}},"type":"if","locations":[{"start":{"line":106,"column":2},"end":{"line":106,"column":55}},{"start":{},"end":{}}],"line":106}},"s":{"0":1,"1":7,"2":2,"3":1,"4":1,"5":3,"6":0,"7":8,"8":1,"9":1,"10":7,"11":7,"12":7,"13":1,"14":1,"15":1,"16":1,"17":1,"18":3,"19":1,"20":2,"21":1,"22":3,"23":1,"24":2},"f":{"0":1,"1":7,"2":8,"3":0,"4":1,"5":1,"6":1,"7":3,"8":3},"b":{"0":[0,1],"1":[1,0],"2":[0,1],"3":[1,0],"4":[2,1,1,3,0],"5":[1,7],"6":[1,2],"7":[1,2]},"_coverageSchema":"1a1c01bbd47fc00a2c39e90264f33305004495a9","hash":"03c71fbf2e664399573096508f87a81458b912a4"}
,"/Users/mayurrane/restaurant-issue-manager/src/services/mock/mockData.ts": {"path":"/Users/mayurrane/restaurant-issue-manager/src/services/mock/mockData.ts","statementMap":{"0":{"start":{"line":3,"column":48},"end":{"line":28,"column":1}},"1":{"start":{"line":30,"column":12},"end":{"line":30,"column":22}},"2":{"start":{"line":31,"column":12},"end":{"line":31,"column":40}},"3":{"start":{"line":31,"column":27},"end":{"line":31,"column":40}},"4":{"start":{"line":33,"column":36},"end":{"line":144,"column":1}},"5":{"start":{"line":148,"column":2},"end":{"line":159,"column":3}},"6":{"start":{"line":150,"column":6},"end":{"line":150,"column":60}},"7":{"start":{"line":150,"column":39},"end":{"line":150,"column":58}},"8":{"start":{"line":152,"column":6},"end":{"line":152,"column":62}},"9":{"start":{"line":152,"column":39},"end":{"line":152,"column":60}},"10":{"start":{"line":154,"column":6},"end":{"line":154,"column":93}},"11":{"start":{"line":154,"column":39},"end":{"line":154,"column":91}},"12":{"start":{"line":156,"column":6},"end":{"line":156,"column":25}},"13":{"start":{"line":158,"column":6},"end":{"line":158,"column":16}}},"fnMap":{"0":{"name":"(anonymous_0)","decl":{"start":{"line":31,"column":12},"end":{"line":31,"column":13}},"loc":{"start":{"line":31,"column":27},"end":{"line":31,"column":40}},"line":31},"1":{"name":"getMockIssuesForRole","decl":{"start":{"line":147,"column":16},"end":{"line":147,"column":36}},"loc":{"start":{"line":147,"column":73},"end":{"line":160,"column":1}},"line":147},"2":{"name":"(anonymous_2)","decl":{"start":{"line":150,"column":32},"end":{"line":150,"column":33}},"loc":{"start":{"line":150,"column":39},"end":{"line":150,"column":58}},"line":150},"3":{"name":"(anonymous_3)","decl":{"start":{"line":152,"column":32},"end":{"line":152,"column":33}},"loc":{"start":{"line":152,"column":39},"end":{"line":152,"column":60}},"line":152},"4":{"name":"(anonymous_4)","decl":{"start":{"line":154,"column":32},"end":{"line":154,"column":33}},"loc":{"start":{"line":154,"column":39},"end":{"line":154,"column":91}},"line":154}},"branchMap":{"0":{"loc":{"start":{"line":148,"column":2},"end":{"line":159,"column":3}},"type":"switch","locations":[{"start":{"line":149,"column":4},"end":{"line":150,"column":60}},{"start":{"line":151,"column":4},"end":{"line":152,"column":62}},{"start":{"line":153,"column":4},"end":{"line":154,"column":93}},{"start":{"line":155,"column":4},"end":{"line":156,"column":25}},{"start":{"line":157,"column":4},"end":{"line":158,"column":16}}],"line":148},"1":{"loc":{"start":{"line":154,"column":39},"end":{"line":154,"column":91}},"type":"binary-expr","locations":[{"start":{"line":154,"column":39},"end":{"line":154,"column":63}},{"start":{"line":154,"column":67},"end":{"line":154,"column":91}}],"line":154}},"s":{"0":1,"1":1,"2":1,"3":20,"4":1,"5":6,"6":2,"7":20,"8":1,"9":10,"10":1,"11":10,"12":1,"13":1},"f":{"0":20,"1":6,"2":20,"3":10,"4":10},"b":{"0":[2,1,1,1,1],"1":[10,8]},"_coverageSchema":"1a1c01bbd47fc00a2c39e90264f33305004495a9","hash":"3627a15bed87e3aea162d6999dfa26263750d94c"}
,"/Users/mayurrane/restaurant-issue-manager/src/services/notifications/notificationService.ts": {"path":"/Users/mayurrane/restaurant-issue-manager/src/services/notifications/notificationService.ts","statementMap":{"0":{"start":{"line":5,"column":0},"end":{"line":11,"column":3}},"1":{"start":{"line":6,"column":35},"end":{"line":10,"column":3}},"2":{"start":{"line":14,"column":2},"end":{"line":17,"column":3}},"3":{"start":{"line":15,"column":4},"end":{"line":15,"column":69}},"4":{"start":{"line":16,"column":4},"end":{"line":16,"column":16}},"5":{"start":{"line":19,"column":37},"end":{"line":19,"column":78}},"6":{"start":{"line":20,"column":20},"end":{"line":20,"column":34}},"7":{"start":{"line":22,"column":2},"end":{"line":25,"column":3}},"8":{"start":{"line":23,"column":23},"end":{"line":23,"column":68}},"9":{"start":{"line":24,"column":4},"end":{"line":24,"column":25}},"10":{"start":{"line":27,"column":2},"end":{"line":29,"column":3}},"11":{"start":{"line":28,"column":4},"end":{"line":28,"column":16}},"12":{"start":{"line":31,"column":2},"end":{"line":38,"column":3}},"13":{"start":{"line":32,"column":4},"end":{"line":37,"column":7}},"14":{"start":{"line":40,"column":16},"end":{"line":40,"column":66}},"15":{"start":{"line":41,"column":2},"end":{"line":41,"column":15}},"16":{"start":{"line":47,"column":2},"end":{"line":47,"column":64}},"17":{"start":{"line":53,"column":2},"end":{"line":53,"column":72}}},"fnMap":{"0":{"name":"(anonymous_0)","decl":{"start":{"line":6,"column":22},"end":{"line":6,"column":23}},"loc":{"start":{"line":6,"column":35},"end":{"line":10,"column":3}},"line":6},"1":{"name":"registerForPushNotifications","decl":{"start":{"line":13,"column":22},"end":{"line":13,"column":50}},"loc":{"start":{"line":13,"column":77},"end":{"line":42,"column":1}},"line":13},"2":{"name":"addNotificationReceivedListener","decl":{"start":{"line":44,"column":16},"end":{"line":44,"column":47}},"loc":{"start":{"line":46,"column":2},"end":{"line":48,"column":1}},"line":46},"3":{"name":"addNotificationResponseListener","decl":{"start":{"line":50,"column":16},"end":{"line":50,"column":47}},"loc":{"start":{"line":52,"column":2},"end":{"line":54,"column":1}},"line":52}},"branchMap":{"0":{"loc":{"start":{"line":14,"column":2},"end":{"line":17,"column":3}},"type":"if","locations":[{"start":{"line":14,"column":2},"end":{"line":17,"column":3}},{"start":{},"end":{}}],"line":14},"1":{"loc":{"start":{"line":22,"column":2},"end":{"line":25,"column":3}},"type":"if","locations":[{"start":{"line":22,"column":2},"end":{"line":25,"column":3}},{"start":{},"end":{}}],"line":22},"2":{"loc":{"start":{"line":27,"column":2},"end":{"line":29,"column":3}},"type":"if","locations":[{"start":{"line":27,"column":2},"end":{"line":29,"column":3}},{"start":{},"end":{}}],"line":27},"3":{"loc":{"start":{"line":31,"column":2},"end":{"line":38,"column":3}},"type":"if","locations":[{"start":{"line":31,"column":2},"end":{"line":38,"column":3}},{"start":{},"end":{}}],"line":31}},"s":{"0":0,"1":0,"2":0,"3":0,"4":0,"5":0,"6":0,"7":0,"8":0,"9":0,"10":0,"11":0,"12":0,"13":0,"14":0,"15":0,"16":0,"17":0},"f":{"0":0,"1":0,"2":0,"3":0},"b":{"0":[0,0],"1":[0,0],"2":[0,0],"3":[0,0]}}
,"/Users/mayurrane/restaurant-issue-manager/src/services/offline/offlineQueue.ts": {"path":"/Users/mayurrane/restaurant-issue-manager/src/services/offline/offlineQueue.ts","statementMap":{"0":{"start":{"line":4,"column":18},"end":{"line":4,"column":34}},"1":{"start":{"line":7,"column":2},"end":{"line":12,"column":3}},"2":{"start":{"line":8,"column":16},"end":{"line":8,"column":53}},"3":{"start":{"line":9,"column":4},"end":{"line":9,"column":62}},"4":{"start":{"line":11,"column":4},"end":{"line":11,"column":14}},"5":{"start":{"line":16,"column":2},"end":{"line":16,"column":63}},"6":{"start":{"line":20,"column":16},"end":{"line":20,"column":33}},"7":{"start":{"line":21,"column":2},"end":{"line":21,"column":39}},"8":{"start":{"line":22,"column":2},"end":{"line":22,"column":25}},"9":{"start":{"line":26,"column":16},"end":{"line":26,"column":33}},"10":{"start":{"line":27,"column":2},"end":{"line":27,"column":54}},"11":{"start":{"line":27,"column":39},"end":{"line":27,"column":51}},"12":{"start":{"line":31,"column":16},"end":{"line":31,"column":33}},"13":{"start":{"line":32,"column":18},"end":{"line":34,"column":3}},"14":{"start":{"line":33,"column":4},"end":{"line":33,"column":64}},"15":{"start":{"line":35,"column":2},"end":{"line":35,"column":27}},"16":{"start":{"line":39,"column":2},"end":{"line":39,"column":43}}},"fnMap":{"0":{"name":"loadQueue","decl":{"start":{"line":6,"column":22},"end":{"line":6,"column":31}},"loc":{"start":{"line":6,"column":63},"end":{"line":13,"column":1}},"line":6},"1":{"name":"saveQueue","decl":{"start":{"line":15,"column":22},"end":{"line":15,"column":31}},"loc":{"start":{"line":15,"column":74},"end":{"line":17,"column":1}},"line":15},"2":{"name":"enqueueOperation","decl":{"start":{"line":19,"column":22},"end":{"line":19,"column":38}},"loc":{"start":{"line":19,"column":96},"end":{"line":23,"column":1}},"line":19},"3":{"name":"dequeueOperation","decl":{"start":{"line":25,"column":22},"end":{"line":25,"column":38}},"loc":{"start":{"line":25,"column":66},"end":{"line":28,"column":1}},"line":25},"4":{"name":"(anonymous_4)","decl":{"start":{"line":27,"column":31},"end":{"line":27,"column":32}},"loc":{"start":{"line":27,"column":39},"end":{"line":27,"column":51}},"line":27},"5":{"name":"incrementRetry","decl":{"start":{"line":30,"column":22},"end":{"line":30,"column":36}},"loc":{"start":{"line":30,"column":64},"end":{"line":36,"column":1}},"line":30},"6":{"name":"(anonymous_6)","decl":{"start":{"line":32,"column":28},"end":{"line":32,"column":29}},"loc":{"start":{"line":33,"column":4},"end":{"line":33,"column":64}},"line":33},"7":{"name":"clearQueue","decl":{"start":{"line":38,"column":22},"end":{"line":38,"column":32}},"loc":{"start":{"line":38,"column":50},"end":{"line":40,"column":1}},"line":38}},"branchMap":{"0":{"loc":{"start":{"line":9,"column":11},"end":{"line":9,"column":61}},"type":"cond-expr","locations":[{"start":{"line":9,"column":18},"end":{"line":9,"column":55}},{"start":{"line":9,"column":59},"end":{"line":9,"column":61}}],"line":9},"1":{"loc":{"start":{"line":33,"column":4},"end":{"line":33,"column":64}},"type":"cond-expr","locations":[{"start":{"line":33,"column":19},"end":{"line":33,"column":59}},{"start":{"line":33,"column":62},"end":{"line":33,"column":64}}],"line":33}},"s":{"0":2,"1":10,"2":10,"3":9,"4":2,"5":7,"6":2,"7":2,"8":2,"9":2,"10":2,"11":3,"12":2,"13":2,"14":3,"15":2,"16":1},"f":{"0":10,"1":7,"2":2,"3":2,"4":3,"5":2,"6":3,"7":1},"b":{"0":[7,2],"1":[2,1]},"_coverageSchema":"1a1c01bbd47fc00a2c39e90264f33305004495a9","hash":"beddfa917ddd3a4930faaa400909f4b9a0f0980f"}
,"/Users/mayurrane/restaurant-issue-manager/src/services/offline/syncService.ts": {"path":"/Users/mayurrane/restaurant-issue-manager/src/services/offline/syncService.ts","statementMap":{"0":{"start":{"line":7,"column":27},"end":{"line":7,"column":28}},"1":{"start":{"line":10,"column":2},"end":{"line":28,"column":3}},"2":{"start":{"line":11,"column":51},"end":{"line":11,"column":61}},"3":{"start":{"line":13,"column":4},"end":{"line":13,"column":80}},"4":{"start":{"line":14,"column":4},"end":{"line":18,"column":5}},"5":{"start":{"line":15,"column":6},"end":{"line":15,"column":67}},"6":{"start":{"line":19,"column":9},"end":{"line":28,"column":3}},"7":{"start":{"line":20,"column":27},"end":{"line":20,"column":37}},"8":{"start":{"line":21,"column":4},"end":{"line":21,"column":72}},"9":{"start":{"line":21,"column":24},"end":{"line":21,"column":72}},"10":{"start":{"line":22,"column":4},"end":{"line":22,"column":40}},"11":{"start":{"line":23,"column":4},"end":{"line":27,"column":5}},"12":{"start":{"line":24,"column":6},"end":{"line":24,"column":39}},"13":{"start":{"line":32,"column":16},"end":{"line":32,"column":33}},"14":{"start":{"line":33,"column":2},"end":{"line":33,"column":33}},"15":{"start":{"line":33,"column":26},"end":{"line":33,"column":33}},"16":{"start":{"line":35,"column":2},"end":{"line":47,"column":3}},"17":{"start":{"line":36,"column":4},"end":{"line":40,"column":5}},"18":{"start":{"line":37,"column":6},"end":{"line":37,"column":36}},"19":{"start":{"line":38,"column":6},"end":{"line":38,"column":94}},"20":{"start":{"line":39,"column":6},"end":{"line":39,"column":15}},"21":{"start":{"line":41,"column":4},"end":{"line":46,"column":5}},"22":{"start":{"line":42,"column":6},"end":{"line":42,"column":51}},"23":{"start":{"line":43,"column":6},"end":{"line":43,"column":36}},"24":{"start":{"line":45,"column":6},"end":{"line":45,"column":34}},"25":{"start":{"line":55,"column":19},"end":{"line":55,"column":24}},"26":{"start":{"line":57,"column":2},"end":{"line":63,"column":5}},"27":{"start":{"line":58,"column":24},"end":{"line":58,"column":50}},"28":{"start":{"line":59,"column":4},"end":{"line":61,"column":5}},"29":{"start":{"line":60,"column":6},"end":{"line":60,"column":35}},"30":{"start":{"line":62,"column":4},"end":{"line":62,"column":30}}},"fnMap":{"0":{"name":"processOperation","decl":{"start":{"line":9,"column":15},"end":{"line":9,"column":31}},"loc":{"start":{"line":9,"column":103},"end":{"line":29,"column":1}},"line":9},"1":{"name":"flushQueue","decl":{"start":{"line":31,"column":22},"end":{"line":31,"column":32}},"loc":{"start":{"line":31,"column":82},"end":{"line":48,"column":1}},"line":31},"2":{"name":"startSyncListener","decl":{"start":{"line":54,"column":16},"end":{"line":54,"column":33}},"loc":{"start":{"line":54,"column":80},"end":{"line":64,"column":1}},"line":54},"3":{"name":"(anonymous_3)","decl":{"start":{"line":57,"column":34},"end":{"line":57,"column":35}},"loc":{"start":{"line":57,"column":45},"end":{"line":63,"column":3}},"line":57}},"branchMap":{"0":{"loc":{"start":{"line":10,"column":2},"end":{"line":28,"column":3}},"type":"if","locations":[{"start":{"line":10,"column":2},"end":{"line":28,"column":3}},{"start":{"line":19,"column":9},"end":{"line":28,"column":3}}],"line":10},"1":{"loc":{"start":{"line":19,"column":9},"end":{"line":28,"column":3}},"type":"if","locations":[{"start":{"line":19,"column":9},"end":{"line":28,"column":3}},{"start":{},"end":{}}],"line":19},"2":{"loc":{"start":{"line":21,"column":4},"end":{"line":21,"column":72}},"type":"if","locations":[{"start":{"line":21,"column":4},"end":{"line":21,"column":72}},{"start":{},"end":{}}],"line":21},"3":{"loc":{"start":{"line":21,"column":8},"end":{"line":21,"column":22}},"type":"binary-expr","locations":[{"start":{"line":21,"column":8},"end":{"line":21,"column":11}},{"start":{"line":21,"column":15},"end":{"line":21,"column":22}}],"line":21},"4":{"loc":{"start":{"line":33,"column":2},"end":{"line":33,"column":33}},"type":"if","locations":[{"start":{"line":33,"column":2},"end":{"line":33,"column":33}},{"start":{},"end":{}}],"line":33},"5":{"loc":{"start":{"line":36,"column":4},"end":{"line":40,"column":5}},"type":"if","locations":[{"start":{"line":36,"column":4},"end":{"line":40,"column":5}},{"start":{},"end":{}}],"line":36},"6":{"loc":{"start":{"line":58,"column":24},"end":{"line":58,"column":50}},"type":"binary-expr","locations":[{"start":{"line":58,"column":24},"end":{"line":58,"column":41}},{"start":{"line":58,"column":45},"end":{"line":58,"column":50}}],"line":58},"7":{"loc":{"start":{"line":59,"column":4},"end":{"line":61,"column":5}},"type":"if","locations":[{"start":{"line":59,"column":4},"end":{"line":61,"column":5}},{"start":{},"end":{}}],"line":59},"8":{"loc":{"start":{"line":59,"column":8},"end":{"line":59,"column":33}},"type":"binary-expr","locations":[{"start":{"line":59,"column":8},"end":{"line":59,"column":19}},{"start":{"line":59,"column":23},"end":{"line":59,"column":33}}],"line":59}},"s":{"0":1,"1":11,"2":7,"3":7,"4":5,"5":5,"6":4,"7":4,"8":4,"9":1,"10":3,"11":3,"12":3,"13":11,"14":11,"15":1,"16":10,"17":12,"18":1,"19":1,"20":1,"21":11,"22":11,"23":8,"24":3,"25":0,"26":0,"27":0,"28":0,"29":0,"30":0},"f":{"0":11,"1":11,"2":0,"3":0},"b":{"0":[7,4],"1":[4,0],"2":[1,3],"3":[4,3],"4":[1,10],"5":[1,11],"6":[0,0],"7":[0,0],"8":[0,0]},"_coverageSchema":"1a1c01bbd47fc00a2c39e90264f33305004495a9","hash":"66ab16dcea030bb885798b99acb08fa269ca99c4"}
,"/Users/mayurrane/restaurant-issue-manager/src/services/voice/voiceService.ts": {"path":"/Users/mayurrane/restaurant-issue-manager/src/services/voice/voiceService.ts","statementMap":{"0":{"start":{"line":3,"column":40},"end":{"line":3,"column":44}},"1":{"start":{"line":6,"column":22},"end":{"line":6,"column":59}},"2":{"start":{"line":7,"column":2},"end":{"line":7,"column":64}},"3":{"start":{"line":7,"column":16},"end":{"line":7,"column":64}},"4":{"start":{"line":8,"column":2},"end":{"line":11,"column":5}},"5":{"start":{"line":12,"column":29},"end":{"line":14,"column":3}},"6":{"start":{"line":15,"column":2},"end":{"line":15,"column":18}},"7":{"start":{"line":19,"column":2},"end":{"line":19,"column":30}},"8":{"start":{"line":19,"column":18},"end":{"line":19,"column":30}},"9":{"start":{"line":20,"column":2},"end":{"line":20,"column":39}},"10":{"start":{"line":21,"column":14},"end":{"line":21,"column":32}},"11":{"start":{"line":22,"column":2},"end":{"line":22,"column":19}},"12":{"start":{"line":23,"column":2},"end":{"line":23,"column":63}},"13":{"start":{"line":24,"column":2},"end":{"line":24,"column":13}},"14":{"start":{"line":28,"column":2},"end":{"line":28,"column":25}},"15":{"start":{"line":28,"column":18},"end":{"line":28,"column":25}},"16":{"start":{"line":29,"column":2},"end":{"line":29,"column":39}},"17":{"start":{"line":30,"column":2},"end":{"line":30,"column":19}},"18":{"start":{"line":31,"column":2},"end":{"line":31,"column":63}},"19":{"start":{"line":35,"column":2},"end":{"line":35,"column":28}}},"fnMap":{"0":{"name":"startVoiceRecording","decl":{"start":{"line":5,"column":22},"end":{"line":5,"column":41}},"loc":{"start":{"line":5,"column":59},"end":{"line":16,"column":1}},"line":5},"1":{"name":"stopVoiceRecording","decl":{"start":{"line":18,"column":22},"end":{"line":18,"column":40}},"loc":{"start":{"line":18,"column":67},"end":{"line":25,"column":1}},"line":18},"2":{"name":"cancelVoiceRecording","decl":{"start":{"line":27,"column":22},"end":{"line":27,"column":42}},"loc":{"start":{"line":27,"column":60},"end":{"line":32,"column":1}},"line":27},"3":{"name":"isRecording","decl":{"start":{"line":34,"column":16},"end":{"line":34,"column":27}},"loc":{"start":{"line":34,"column":39},"end":{"line":36,"column":1}},"line":34}},"branchMap":{"0":{"loc":{"start":{"line":7,"column":2},"end":{"line":7,"column":64}},"type":"if","locations":[{"start":{"line":7,"column":2},"end":{"line":7,"column":64}},{"start":{},"end":{}}],"line":7},"1":{"loc":{"start":{"line":19,"column":2},"end":{"line":19,"column":30}},"type":"if","locations":[{"start":{"line":19,"column":2},"end":{"line":19,"column":30}},{"start":{},"end":{}}],"line":19},"2":{"loc":{"start":{"line":28,"column":2},"end":{"line":28,"column":25}},"type":"if","locations":[{"start":{"line":28,"column":2},"end":{"line":28,"column":25}},{"start":{},"end":{}}],"line":28}},"s":{"0":1,"1":11,"2":11,"3":1,"4":10,"5":10,"6":10,"7":4,"8":1,"9":3,"10":3,"11":3,"12":3,"13":3,"14":8,"15":1,"16":7,"17":7,"18":7,"19":19},"f":{"0":11,"1":4,"2":8,"3":19},"b":{"0":[1,10],"1":[1,3],"2":[1,7]},"_coverageSchema":"1a1c01bbd47fc00a2c39e90264f33305004495a9","hash":"a1db420f16a174f778b2d8efa6e2a8d0c1948857"}
,"/Users/mayurrane/restaurant-issue-manager/src/store/authStore.ts": {"path":"/Users/mayurrane/restaurant-issue-manager/src/store/authStore.ts","statementMap":{"0":{"start":{"line":7,"column":16},"end":{"line":7,"column":59}},"1":{"start":{"line":9,"column":23},"end":{"line":9,"column":37}},"2":{"start":{"line":23,"column":28},"end":{"line":92,"column":3}},"3":{"start":{"line":23,"column":56},"end":{"line":92,"column":1}},"4":{"start":{"line":29,"column":4},"end":{"line":29,"column":61}},"5":{"start":{"line":30,"column":4},"end":{"line":34,"column":5}},"6":{"start":{"line":31,"column":6},"end":{"line":31,"column":65}},"7":{"start":{"line":33,"column":6},"end":{"line":33,"column":46}},"8":{"start":{"line":38,"column":4},"end":{"line":38,"column":29}},"9":{"start":{"line":40,"column":4},"end":{"line":49,"column":5}},"10":{"start":{"line":41,"column":23},"end":{"line":41,"column":61}},"11":{"start":{"line":42,"column":6},"end":{"line":45,"column":7}},"12":{"start":{"line":43,"column":8},"end":{"line":43,"column":34}},"13":{"start":{"line":44,"column":8},"end":{"line":44,"column":125}},"14":{"start":{"line":46,"column":6},"end":{"line":46,"column":71}},"15":{"start":{"line":47,"column":6},"end":{"line":47,"column":75}},"16":{"start":{"line":48,"column":6},"end":{"line":48,"column":13}},"17":{"start":{"line":51,"column":4},"end":{"line":58,"column":5}},"18":{"start":{"line":52,"column":19},"end":{"line":52,"column":48}},"19":{"start":{"line":53,"column":6},"end":{"line":53,"column":61}},"20":{"start":{"line":54,"column":6},"end":{"line":54,"column":71}},"21":{"start":{"line":56,"column":6},"end":{"line":56,"column":32}},"22":{"start":{"line":57,"column":6},"end":{"line":57,"column":16}},"23":{"start":{"line":62,"column":4},"end":{"line":62,"column":29}},"24":{"start":{"line":63,"column":4},"end":{"line":70,"column":5}},"25":{"start":{"line":64,"column":19},"end":{"line":64,"column":67}},"26":{"start":{"line":65,"column":6},"end":{"line":65,"column":61}},"27":{"start":{"line":66,"column":6},"end":{"line":66,"column":71}},"28":{"start":{"line":68,"column":6},"end":{"line":68,"column":32}},"29":{"start":{"line":69,"column":6},"end":{"line":69,"column":16}},"30":{"start":{"line":74,"column":4},"end":{"line":74,"column":34}},"31":{"start":{"line":74,"column":18},"end":{"line":74,"column":34}},"32":{"start":{"line":75,"column":4},"end":{"line":75,"column":50}},"33":{"start":{"line":76,"column":4},"end":{"line":76,"column":48}},"34":{"start":{"line":80,"column":4},"end":{"line":90,"column":5}},"35":{"start":{"line":81,"column":18},"end":{"line":81,"column":60}},"36":{"start":{"line":82,"column":6},"end":{"line":87,"column":7}},"37":{"start":{"line":83,"column":21},"end":{"line":83,"column":44}},"38":{"start":{"line":84,"column":8},"end":{"line":84,"column":63}},"39":{"start":{"line":86,"column":8},"end":{"line":86,"column":34}},"40":{"start":{"line":89,"column":6},"end":{"line":89,"column":32}}},"fnMap":{"0":{"name":"(anonymous_0)","decl":{"start":{"line":23,"column":46},"end":{"line":23,"column":47}},"loc":{"start":{"line":23,"column":56},"end":{"line":92,"column":1}},"line":23},"1":{"name":"(anonymous_1)","decl":{"start":{"line":28,"column":11},"end":{"line":28,"column":12}},"loc":{"start":{"line":28,"column":21},"end":{"line":35,"column":3}},"line":28},"2":{"name":"(anonymous_2)","decl":{"start":{"line":37,"column":9},"end":{"line":37,"column":10}},"loc":{"start":{"line":37,"column":36},"end":{"line":59,"column":3}},"line":37},"3":{"name":"(anonymous_3)","decl":{"start":{"line":61,"column":12},"end":{"line":61,"column":13}},"loc":{"start":{"line":61,"column":58},"end":{"line":71,"column":3}},"line":61},"4":{"name":"(anonymous_4)","decl":{"start":{"line":73,"column":10},"end":{"line":73,"column":11}},"loc":{"start":{"line":73,"column":22},"end":{"line":77,"column":3}},"line":73},"5":{"name":"(anonymous_5)","decl":{"start":{"line":79,"column":18},"end":{"line":79,"column":19}},"loc":{"start":{"line":79,"column":30},"end":{"line":91,"column":3}},"line":79}},"branchMap":{"0":{"loc":{"start":{"line":30,"column":4},"end":{"line":34,"column":5}},"type":"if","locations":[{"start":{"line":30,"column":4},"end":{"line":34,"column":5}},{"start":{"line":32,"column":11},"end":{"line":34,"column":5}}],"line":30},"1":{"loc":{"start":{"line":40,"column":4},"end":{"line":49,"column":5}},"type":"if","locations":[{"start":{"line":40,"column":4},"end":{"line":49,"column":5}},{"start":{},"end":{}}],"line":40},"2":{"loc":{"start":{"line":42,"column":6},"end":{"line":45,"column":7}},"type":"if","locations":[{"start":{"line":42,"column":6},"end":{"line":45,"column":7}},{"start":{},"end":{}}],"line":42},"3":{"loc":{"start":{"line":74,"column":4},"end":{"line":74,"column":34}},"type":"if","locations":[{"start":{"line":74,"column":4},"end":{"line":74,"column":34}},{"start":{},"end":{}}],"line":74},"4":{"loc":{"start":{"line":82,"column":6},"end":{"line":87,"column":7}},"type":"if","locations":[{"start":{"line":82,"column":6},"end":{"line":87,"column":7}},{"start":{"line":85,"column":13},"end":{"line":87,"column":7}}],"line":82}},"s":{"0":1,"1":1,"2":1,"3":1,"4":3,"5":3,"6":2,"7":1,"8":3,"9":3,"10":0,"11":0,"12":0,"13":0,"14":0,"15":0,"16":0,"17":3,"18":3,"19":2,"20":2,"21":1,"22":1,"23":2,"24":2,"25":2,"26":1,"27":1,"28":1,"29":1,"30":1,"31":1,"32":1,"33":1,"34":3,"35":3,"36":2,"37":1,"38":1,"39":1,"40":1},"f":{"0":1,"1":3,"2":3,"3":2,"4":1,"5":3},"b":{"0":[2,1],"1":[0,3],"2":[0,0],"3":[1,0],"4":[1,1]},"_coverageSchema":"1a1c01bbd47fc00a2c39e90264f33305004495a9","hash":"d0e3ca34ed16fbe51ee439d8a2afebcc83900e47"}
,"/Users/mayurrane/restaurant-issue-manager/src/store/issueStore.ts": {"path":"/Users/mayurrane/restaurant-issue-manager/src/store/issueStore.ts","statementMap":{"0":{"start":{"line":5,"column":18},"end":{"line":5,"column":34}},"1":{"start":{"line":29,"column":38},"end":{"line":33,"column":1}},"2":{"start":{"line":35,"column":27},"end":{"line":35,"column":41}},"3":{"start":{"line":37,"column":29},"end":{"line":93,"column":3}},"4":{"start":{"line":37,"column":63},"end":{"line":93,"column":1}},"5":{"start":{"line":44,"column":4},"end":{"line":44,"column":20}},"6":{"start":{"line":45,"column":4},"end":{"line":45,"column":78}},"7":{"start":{"line":45,"column":72},"end":{"line":45,"column":76}},"8":{"start":{"line":48,"column":29},"end":{"line":48,"column":47}},"9":{"start":{"line":50,"column":23},"end":{"line":50,"column":37}},"10":{"start":{"line":53,"column":4},"end":{"line":53,"column":67}},"11":{"start":{"line":53,"column":20},"end":{"line":53,"column":65}},"12":{"start":{"line":56,"column":4},"end":{"line":56,"column":58}},"13":{"start":{"line":56,"column":20},"end":{"line":56,"column":56}},"14":{"start":{"line":59,"column":4},"end":{"line":63,"column":7}},"15":{"start":{"line":59,"column":20},"end":{"line":63,"column":5}},"16":{"start":{"line":61,"column":8},"end":{"line":61,"column":69}},"17":{"start":{"line":66,"column":4},"end":{"line":74,"column":5}},"18":{"start":{"line":67,"column":18},"end":{"line":67,"column":55}},"19":{"start":{"line":68,"column":6},"end":{"line":71,"column":7}},"20":{"start":{"line":69,"column":23},"end":{"line":69,"column":49}},"21":{"start":{"line":70,"column":8},"end":{"line":70,"column":32}},"22":{"start":{"line":78,"column":32},"end":{"line":78,"column":37}},"23":{"start":{"line":79,"column":16},"end":{"line":79,"column":26}},"24":{"start":{"line":81,"column":4},"end":{"line":91,"column":7}},"25":{"start":{"line":82,"column":6},"end":{"line":82,"column":84}},"26":{"start":{"line":82,"column":71},"end":{"line":82,"column":84}},"27":{"start":{"line":83,"column":6},"end":{"line":83,"column":90}},"28":{"start":{"line":83,"column":77},"end":{"line":83,"column":90}},"29":{"start":{"line":84,"column":6},"end":{"line":89,"column":7}},"30":{"start":{"line":86,"column":10},"end":{"line":87,"column":52}},"31":{"start":{"line":88,"column":8},"end":{"line":88,"column":37}},"32":{"start":{"line":88,"column":24},"end":{"line":88,"column":37}},"33":{"start":{"line":90,"column":6},"end":{"line":90,"column":18}}},"fnMap":{"0":{"name":"(anonymous_0)","decl":{"start":{"line":37,"column":48},"end":{"line":37,"column":49}},"loc":{"start":{"line":37,"column":63},"end":{"line":93,"column":1}},"line":37},"1":{"name":"(anonymous_1)","decl":{"start":{"line":43,"column":13},"end":{"line":43,"column":14}},"loc":{"start":{"line":43,"column":25},"end":{"line":46,"column":3}},"line":43},"2":{"name":"(anonymous_2)","decl":{"start":{"line":45,"column":66},"end":{"line":45,"column":67}},"loc":{"start":{"line":45,"column":72},"end":{"line":45,"column":76}},"line":45},"3":{"name":"(anonymous_3)","decl":{"start":{"line":48,"column":14},"end":{"line":48,"column":15}},"loc":{"start":{"line":48,"column":29},"end":{"line":48,"column":47}},"line":48},"4":{"name":"(anonymous_4)","decl":{"start":{"line":50,"column":12},"end":{"line":50,"column":13}},"loc":{"start":{"line":50,"column":23},"end":{"line":50,"column":37}},"line":50},"5":{"name":"(anonymous_5)","decl":{"start":{"line":52,"column":14},"end":{"line":52,"column":15}},"loc":{"start":{"line":53,"column":4},"end":{"line":53,"column":67}},"line":53},"6":{"name":"(anonymous_6)","decl":{"start":{"line":53,"column":8},"end":{"line":53,"column":9}},"loc":{"start":{"line":53,"column":20},"end":{"line":53,"column":65}},"line":53},"7":{"name":"(anonymous_7)","decl":{"start":{"line":55,"column":22},"end":{"line":55,"column":23}},"loc":{"start":{"line":56,"column":4},"end":{"line":56,"column":58}},"line":56},"8":{"name":"(anonymous_8)","decl":{"start":{"line":56,"column":8},"end":{"line":56,"column":9}},"loc":{"start":{"line":56,"column":20},"end":{"line":56,"column":56}},"line":56},"9":{"name":"(anonymous_9)","decl":{"start":{"line":58,"column":25},"end":{"line":58,"column":26}},"loc":{"start":{"line":59,"column":4},"end":{"line":63,"column":7}},"line":59},"10":{"name":"(anonymous_10)","decl":{"start":{"line":59,"column":8},"end":{"line":59,"column":9}},"loc":{"start":{"line":59,"column":20},"end":{"line":63,"column":5}},"line":59},"11":{"name":"(anonymous_11)","decl":{"start":{"line":60,"column":31},"end":{"line":60,"column":32}},"loc":{"start":{"line":61,"column":8},"end":{"line":61,"column":69}},"line":61},"12":{"name":"(anonymous_12)","decl":{"start":{"line":65,"column":20},"end":{"line":65,"column":21}},"loc":{"start":{"line":65,"column":32},"end":{"line":75,"column":3}},"line":65},"13":{"name":"(anonymous_13)","decl":{"start":{"line":77,"column":21},"end":{"line":77,"column":22}},"loc":{"start":{"line":77,"column":27},"end":{"line":92,"column":3}},"line":77},"14":{"name":"(anonymous_14)","decl":{"start":{"line":81,"column":25},"end":{"line":81,"column":26}},"loc":{"start":{"line":81,"column":36},"end":{"line":91,"column":5}},"line":81}},"branchMap":{"0":{"loc":{"start":{"line":61,"column":8},"end":{"line":61,"column":69}},"type":"cond-expr","locations":[{"start":{"line":61,"column":22},"end":{"line":61,"column":65}},{"start":{"line":61,"column":68},"end":{"line":61,"column":69}}],"line":61},"1":{"loc":{"start":{"line":68,"column":6},"end":{"line":71,"column":7}},"type":"if","locations":[{"start":{"line":68,"column":6},"end":{"line":71,"column":7}},{"start":{},"end":{}}],"line":68},"2":{"loc":{"start":{"line":82,"column":6},"end":{"line":82,"column":84}},"type":"if","locations":[{"start":{"line":82,"column":6},"end":{"line":82,"column":84}},{"start":{},"end":{}}],"line":82},"3":{"loc":{"start":{"line":82,"column":10},"end":{"line":82,"column":69}},"type":"binary-expr","locations":[{"start":{"line":82,"column":10},"end":{"line":82,"column":34}},{"start":{"line":82,"column":38},"end":{"line":82,"column":69}}],"line":82},"4":{"loc":{"start":{"line":83,"column":6},"end":{"line":83,"column":90}},"type":"if","locations":[{"start":{"line":83,"column":6},"end":{"line":83,"column":90}},{"start":{},"end":{}}],"line":83},"5":{"loc":{"start":{"line":83,"column":10},"end":{"line":83,"column":75}},"type":"binary-expr","locations":[{"start":{"line":83,"column":10},"end":{"line":83,"column":36}},{"start":{"line":83,"column":40},"end":{"line":83,"column":75}}],"line":83},"6":{"loc":{"start":{"line":84,"column":6},"end":{"line":89,"column":7}},"type":"if","locations":[{"start":{"line":84,"column":6},"end":{"line":89,"column":7}},{"start":{},"end":{}}],"line":84},"7":{"loc":{"start":{"line":86,"column":10},"end":{"line":87,"column":52}},"type":"binary-expr","locations":[{"start":{"line":86,"column":10},"end":{"line":86,"column":37}},{"start":{"line":87,"column":10},"end":{"line":87,"column":52}}],"line":86},"8":{"loc":{"start":{"line":88,"column":8},"end":{"line":88,"column":37}},"type":"if","locations":[{"start":{"line":88,"column":8},"end":{"line":88,"column":37}},{"start":{},"end":{}}],"line":88}},"s":{"0":1,"1":1,"2":1,"3":1,"4":1,"5":2,"6":2,"7":0,"8":2,"9":2,"10":5,"11":5,"12":1,"13":1,"14":4,"15":4,"16":5,"17":3,"18":3,"19":2,"20":1,"21":1,"22":5,"23":5,"24":5,"25":20,"26":5,"27":15,"28":3,"29":12,"30":4,"31":4,"32":3,"33":9},"f":{"0":1,"1":2,"2":0,"3":2,"4":2,"5":5,"6":5,"7":1,"8":1,"9":4,"10":4,"11":5,"12":3,"13":5,"14":20},"b":{"0":[3,2],"1":[1,1],"2":[5,15],"3":[20,8],"4":[3,12],"5":[15,5],"6":[4,8],"7":[4,3],"8":[3,1]},"_coverageSchema":"1a1c01bbd47fc00a2c39e90264f33305004495a9","hash":"4cfb7eb292bcc698a0ee88ffe31e67c21022acf0"}
,"/Users/mayurrane/restaurant-issue-manager/src/store/uiStore.ts": {"path":"/Users/mayurrane/restaurant-issue-manager/src/store/uiStore.ts","statementMap":{"0":{"start":{"line":22,"column":26},"end":{"line":39,"column":3}},"1":{"start":{"line":22,"column":52},"end":{"line":39,"column":1}},"2":{"start":{"line":27,"column":27},"end":{"line":27,"column":44}},"3":{"start":{"line":30,"column":15},"end":{"line":30,"column":36}},"4":{"start":{"line":31,"column":4},"end":{"line":31,"column":42}},"5":{"start":{"line":33,"column":4},"end":{"line":33,"column":92}},"6":{"start":{"line":33,"column":21},"end":{"line":33,"column":84}},"7":{"start":{"line":33,"column":37},"end":{"line":33,"column":82}},"8":{"start":{"line":36,"column":19},"end":{"line":36,"column":39}},"9":{"start":{"line":38,"column":43},"end":{"line":38,"column":68}}},"fnMap":{"0":{"name":"(anonymous_0)","decl":{"start":{"line":22,"column":42},"end":{"line":22,"column":43}},"loc":{"start":{"line":22,"column":52},"end":{"line":39,"column":1}},"line":22},"1":{"name":"(anonymous_1)","decl":{"start":{"line":27,"column":13},"end":{"line":27,"column":14}},"loc":{"start":{"line":27,"column":27},"end":{"line":27,"column":44}},"line":27},"2":{"name":"(anonymous_2)","decl":{"start":{"line":29,"column":13},"end":{"line":29,"column":14}},"loc":{"start":{"line":29,"column":41},"end":{"line":34,"column":3}},"line":29},"3":{"name":"(anonymous_3)","decl":{"start":{"line":33,"column":15},"end":{"line":33,"column":16}},"loc":{"start":{"line":33,"column":21},"end":{"line":33,"column":84}},"line":33},"4":{"name":"(anonymous_4)","decl":{"start":{"line":33,"column":25},"end":{"line":33,"column":26}},"loc":{"start":{"line":33,"column":37},"end":{"line":33,"column":82}},"line":33},"5":{"name":"(anonymous_5)","decl":{"start":{"line":36,"column":13},"end":{"line":36,"column":14}},"loc":{"start":{"line":36,"column":19},"end":{"line":36,"column":39}},"line":36},"6":{"name":"(anonymous_6)","decl":{"start":{"line":38,"column":21},"end":{"line":38,"column":22}},"loc":{"start":{"line":38,"column":43},"end":{"line":38,"column":68}},"line":38}},"branchMap":{"0":{"loc":{"start":{"line":29,"column":23},"end":{"line":29,"column":36}},"type":"default-arg","locations":[{"start":{"line":29,"column":30},"end":{"line":29,"column":36}}],"line":29},"1":{"loc":{"start":{"line":33,"column":37},"end":{"line":33,"column":82}},"type":"cond-expr","locations":[{"start":{"line":33,"column":62},"end":{"line":33,"column":77}},{"start":{"line":33,"column":80},"end":{"line":33,"column":82}}],"line":33}},"s":{"0":1,"1":1,"2":2,"3":6,"4":6,"5":6,"6":2,"7":2,"8":1,"9":2},"f":{"0":1,"1":2,"2":6,"3":2,"4":2,"5":1,"6":2},"b":{"0":[2],"1":[1,1]},"_coverageSchema":"1a1c01bbd47fc00a2c39e90264f33305004495a9","hash":"374f8c1ac63eb6933fb9bd7d5d791250bfd97841"}
,"/Users/mayurrane/restaurant-issue-manager/src/types/index.ts": {"path":"/Users/mayurrane/restaurant-issue-manager/src/types/index.ts","statementMap":{},"fnMap":{},"branchMap":{},"s":{},"f":{},"b":{}}
}
