TN:
SF:src/components/CategoryButton.tsx
FN:12,CategoryButton
FN:22,(anonymous_1)
FNF:2
FNH:0
FNDA:0,CategoryButton
FNDA:0,(anonymous_1)
DA:13,0
DA:15,0
DA:22,0
DA:40,0
LF:4
LH:0
BRDA:19,0,0,0
BRDA:19,0,1,0
BRDA:20,1,0,0
BRDA:20,1,1,0
BRDA:26,2,0,0
BRDA:26,2,1,0
BRDA:29,3,0,0
BRDA:29,3,1,0
BRF:8
BRH:0
end_of_record
TN:
SF:src/components/IssueCard.tsx
FN:14,IssueCard
FN:35,(anonymous_1)
FN:61,(anonymous_2)
FNF:3
FNH:0
FNDA:0,IssueCard
FNDA:0,(anonymous_1)
FNDA:0,(anonymous_2)
DA:15,0
DA:16,0
DA:18,0
DA:20,0
DA:23,0
DA:30,0
DA:32,0
DA:35,0
DA:62,0
DA:63,0
DA:81,0
LF:11
LH:0
BRDA:18,0,0,0
BRDA:18,0,1,0
BRDA:23,1,0,0
BRDA:23,1,1,0
BRDA:25,2,0,0
BRDA:25,2,1,0
BRDA:30,3,0,0
BRDA:30,3,1,0
BRDA:30,4,0,0
BRDA:30,4,1,0
BRDA:34,5,0,0
BRDA:34,5,1,0
BRDA:53,6,0,0
BRDA:53,6,1,0
BRDA:54,7,0,0
BRDA:54,7,1,0
BRDA:58,8,0,0
BRDA:58,8,1,0
BRDA:58,8,2,0
BRDA:58,8,3,0
BRDA:70,9,0,0
BRDA:70,9,1,0
BRF:22
BRH:0
end_of_record
TN:
SF:src/components/LoadingScreen.tsx
FN:5,LoadingScreen
FNF:1
FNH:0
FNDA:0,LoadingScreen
DA:6,0
DA:15,0
LF:2
LH:0
BRF:0
BRH:0
end_of_record
TN:
SF:src/components/OfflineBanner.tsx
FN:6,OfflineBanner
FN:7,(anonymous_1)
FNF:2
FNH:0
FNDA:0,OfflineBanner
FNDA:0,(anonymous_1)
DA:7,0
DA:9,0
DA:11,0
DA:19,0
LF:4
LH:0
BRDA:9,0,0,0
BRDA:9,0,1,0
BRF:2
BRH:0
end_of_record
TN:
SF:src/components/StatusBadge.tsx
FN:11,StatusBadge
FNF:1
FNH:0
FNDA:0,StatusBadge
DA:12,0
DA:13,0
DA:15,0
DA:22,0
LF:4
LH:0
BRDA:11,0,0,0
BRDA:17,1,0,0
BRDA:17,1,1,0
BRF:3
BRH:0
end_of_record
TN:
SF:src/components/Toast.tsx
FN:13,Toast
FN:18,(anonymous_1)
FNF:2
FNH:0
FNDA:0,Toast
FNDA:0,(anonymous_1)
DA:6,0
DA:14,0
DA:15,0
DA:16,0
DA:18,0
DA:19,0
DA:20,0
DA:25,0
DA:32,0
DA:34,0
DA:48,0
LF:11
LH:0
BRDA:19,0,0,0
BRDA:19,0,1,0
BRDA:32,1,0,0
BRDA:32,1,1,0
BRDA:38,2,0,0
BRDA:38,2,1,0
BRF:6
BRH:0
end_of_record
TN:
SF:src/components/VoiceInput.tsx
FN:14,VoiceInput
FN:20,(anonymous_1)
FN:30,(anonymous_2)
FN:35,(anonymous_3)
FNF:4
FNH:0
FNDA:0,VoiceInput
FNDA:0,(anonymous_1)
FNDA:0,(anonymous_2)
FNDA:0,(anonymous_3)
DA:15,0
DA:16,0
DA:17,0
DA:18,0
DA:20,0
DA:21,0
DA:27,0
DA:30,0
DA:31,0
DA:32,0
DA:35,0
DA:36,0
DA:37,0
DA:38,0
DA:39,0
DA:40,0
DA:41,0
DA:42,0
DA:44,0
DA:47,0
DA:48,0
DA:49,0
DA:50,0
DA:51,0
DA:53,0
DA:58,0
DA:74,0
LF:27
LH:0
BRDA:36,0,0,0
BRDA:36,0,1,0
BRDA:42,1,0,0
BRDA:42,1,1,0
BRDA:62,2,0,0
BRDA:62,2,1,0
BRDA:66,3,0,0
BRDA:66,3,1,0
BRDA:69,4,0,0
BRDA:69,4,1,0
BRF:10
BRH:0
end_of_record
TN:
SF:src/constants/index.ts
FNF:0
FNH:0
DA:3,3
DA:34,3
DA:44,3
DA:50,3
DA:57,3
DA:59,3
DA:60,3
LF:7
LH:7
BRF:0
BRH:0
end_of_record
TN:
SF:src/hooks/useIssueSubscription.ts
FN:10,useIssueSubscription
FN:11,(anonymous_1)
FN:13,(anonymous_2)
FN:15,(anonymous_3)
FN:32,(anonymous_4)
FN:37,(anonymous_5)
FNF:6
FNH:0
FNDA:0,useIssueSubscription
FNDA:0,(anonymous_1)
FNDA:0,(anonymous_2)
FNDA:0,(anonymous_3)
FNDA:0,(anonymous_4)
FNDA:0,(anonymous_5)
DA:8,0
DA:11,0
DA:12,0
DA:13,0
DA:15,0
DA:16,0
DA:18,0
DA:20,0
DA:21,0
DA:22,0
DA:23,0
DA:24,0
DA:27,0
DA:29,0
DA:33,0
DA:34,0
DA:35,0
DA:38,0
DA:39,0
DA:40,0
DA:44,0
LF:21
LH:0
BRDA:16,0,0,0
BRDA:16,0,1,0
BRDA:20,1,0,0
BRDA:20,1,1,0
BRF:4
BRH:0
end_of_record
TN:
SF:src/hooks/useNetworkStatus.ts
FN:5,useNetworkStatus
FN:6,(anonymous_1)
FN:8,(anonymous_2)
FN:9,(anonymous_3)
FNF:4
FNH:0
FNDA:0,useNetworkStatus
FNDA:0,(anonymous_1)
FNDA:0,(anonymous_2)
FNDA:0,(anonymous_3)
DA:6,0
DA:8,0
DA:9,0
DA:10,0
DA:12,0
LF:5
LH:0
BRDA:10,0,0,0
BRDA:10,0,1,0
BRF:2
BRH:0
end_of_record
TN:
SF:src/services/api/client.ts
FN:13,(anonymous_0)
FN:26,(anonymous_1)
FN:27,(anonymous_2)
FNF:3
FNH:3
FNDA:3,(anonymous_0)
FNDA:1,(anonymous_1)
FNDA:3,(anonymous_2)
DA:4,2
DA:6,2
DA:13,2
DA:14,3
DA:15,3
DA:16,2
DA:17,1
DA:22,3
DA:25,2
DA:26,1
DA:29,3
DA:32,3
LF:12
LH:12
BRDA:4,0,0,2
BRDA:4,0,1,2
BRDA:16,1,0,1
BRDA:16,1,1,1
BRDA:29,2,0,3
BRDA:29,2,1,2
BRDA:29,2,2,1
BRF:7
BRH:7
end_of_record
TN:
SF:src/services/api/issueApi.ts
FN:4,apiCreateIssue
FN:9,apiUpdateIssue
FN:14,apiFetchIssues
FNF:3
FNH:3
FNDA:2,apiCreateIssue
FNDA:5,apiUpdateIssue
FNDA:3,apiFetchIssues
DA:5,2
DA:6,1
DA:10,5
DA:11,4
DA:15,3
DA:16,2
LF:6
LH:6
BRF:0
BRH:0
end_of_record
TN:
SF:src/services/firebase/authService.ts
FN:14,signUp
FN:28,signIn
FN:36,signOut
FN:41,fetchUserProfile
FN:48,updateFcmToken
FN:53,onAuthChanged
FN:54,(anonymous_6)
FN:58,seedUserProfile
FNF:8
FNH:7
FNDA:2,signUp
FNDA:3,signIn
FNDA:1,signOut
FNDA:4,fetchUserProfile
FNDA:1,updateFcmToken
FNDA:1,onAuthChanged
FNDA:0,(anonymous_6)
FNDA:1,seedUserProfile
DA:20,2
DA:21,2
DA:22,1
DA:23,1
DA:24,1
DA:25,1
DA:29,3
DA:30,3
DA:31,2
DA:32,2
DA:33,1
DA:37,1
DA:38,1
DA:42,4
DA:43,4
DA:44,4
DA:45,2
DA:49,1
DA:50,1
DA:54,1
DA:55,1
DA:64,1
DA:65,1
LF:23
LH:23
BRDA:20,0,0,0
BRDA:20,0,1,2
BRDA:20,1,0,2
BRDA:20,1,1,2
BRDA:29,2,0,0
BRDA:29,2,1,3
BRDA:32,3,0,1
BRDA:32,3,1,1
BRDA:37,4,0,0
BRDA:37,4,1,1
BRDA:42,5,0,0
BRDA:42,5,1,4
BRDA:44,6,0,2
BRDA:44,6,1,2
BRDA:49,7,0,0
BRDA:49,7,1,1
BRDA:54,8,0,0
BRDA:54,8,1,1
BRDA:64,9,0,0
BRDA:64,9,1,1
BRF:20
BRH:13
end_of_record
TN:
SF:src/services/firebase/config.ts
FNF:0
FNH:0
DA:5,2
DA:7,2
DA:17,2
DA:18,2
DA:19,2
DA:21,2
DA:22,2
DA:23,2
DA:24,2
DA:25,2
DA:29,2
DA:31,2
LF:12
LH:12
BRDA:8,0,0,2
BRDA:8,0,1,2
BRDA:9,1,0,2
BRDA:9,1,1,2
BRDA:10,2,0,2
BRDA:10,2,1,2
BRDA:11,3,0,2
BRDA:11,3,1,2
BRDA:12,4,0,2
BRDA:12,4,1,2
BRDA:13,5,0,2
BRDA:13,5,1,2
BRDA:21,6,0,2
BRDA:21,6,1,0
BRDA:23,7,0,2
BRDA:23,7,1,0
BRDA:25,8,0,2
BRDA:25,8,1,0
BRF:18
BRH:15
end_of_record
TN:
SF:src/services/firebase/issueService.ts
FN:18,toIssue
FN:42,getRoleConstraints
FN:60,subscribeToIssues
FN:66,(anonymous_3)
FN:76,(anonymous_4)
FN:78,(anonymous_5)
FN:83,(anonymous_6)
FN:87,createIssue
FN:105,updateIssueStatus
FNF:9
FNH:8
FNDA:1,toIssue
FNDA:7,getRoleConstraints
FNDA:8,subscribeToIssues
FNDA:0,(anonymous_3)
FNDA:1,(anonymous_4)
FNDA:1,(anonymous_5)
FNDA:1,(anonymous_6)
FNDA:3,createIssue
FNDA:3,updateIssueStatus
DA:19,1
DA:43,7
DA:45,2
DA:47,1
DA:49,1
DA:51,3
DA:53,0
DA:66,8
DA:67,7
DA:68,7
DA:74,7
DA:77,1
DA:78,1
DA:79,1
DA:81,1
DA:83,1
DA:92,3
DA:93,2
DA:102,1
DA:106,3
DA:107,2
LF:21
LH:20
BRDA:29,0,0,0
BRDA:29,0,1,1
BRDA:31,1,0,1
BRDA:31,1,1,0
BRDA:33,2,0,0
BRDA:33,2,1,1
BRDA:35,3,0,1
BRDA:35,3,1,0
BRDA:43,4,0,2
BRDA:43,4,1,1
BRDA:43,4,2,1
BRDA:43,4,3,3
BRDA:43,4,4,0
BRDA:66,5,0,1
BRDA:66,5,1,7
BRDA:92,6,0,1
BRDA:92,6,1,2
BRDA:106,7,0,1
BRDA:106,7,1,2
BRF:19
BRH:14
end_of_record
TN:
SF:src/services/mock/mockData.ts
FN:31,(anonymous_0)
FN:147,getMockIssuesForRole
FN:150,(anonymous_2)
FN:152,(anonymous_3)
FN:154,(anonymous_4)
FNF:5
FNH:5
FNDA:20,(anonymous_0)
FNDA:6,getMockIssuesForRole
FNDA:20,(anonymous_2)
FNDA:10,(anonymous_3)
FNDA:10,(anonymous_4)
DA:3,1
DA:30,1
DA:31,20
DA:33,1
DA:148,6
DA:150,20
DA:152,10
DA:154,10
DA:156,1
DA:158,1
LF:10
LH:10
BRDA:148,0,0,2
BRDA:148,0,1,1
BRDA:148,0,2,1
BRDA:148,0,3,1
BRDA:148,0,4,1
BRDA:154,1,0,10
BRDA:154,1,1,8
BRF:7
BRH:7
end_of_record
TN:
SF:src/services/notifications/notificationService.ts
FN:6,(anonymous_0)
FN:13,registerForPushNotifications
FN:44,addNotificationReceivedListener
FN:50,addNotificationResponseListener
FNF:4
FNH:0
FNDA:0,(anonymous_0)
FNDA:0,registerForPushNotifications
FNDA:0,addNotificationReceivedListener
FNDA:0,addNotificationResponseListener
DA:5,0
DA:6,0
DA:14,0
DA:15,0
DA:16,0
DA:19,0
DA:20,0
DA:22,0
DA:23,0
DA:24,0
DA:27,0
DA:28,0
DA:31,0
DA:32,0
DA:40,0
DA:41,0
DA:47,0
DA:53,0
LF:18
LH:0
BRDA:14,0,0,0
BRDA:14,0,1,0
BRDA:22,1,0,0
BRDA:22,1,1,0
BRDA:27,2,0,0
BRDA:27,2,1,0
BRDA:31,3,0,0
BRDA:31,3,1,0
BRF:8
BRH:0
end_of_record
TN:
SF:src/services/offline/offlineQueue.ts
FN:6,loadQueue
FN:15,saveQueue
FN:19,enqueueOperation
FN:25,dequeueOperation
FN:27,(anonymous_4)
FN:30,incrementRetry
FN:32,(anonymous_6)
FN:38,clearQueue
FNF:8
FNH:8
FNDA:10,loadQueue
FNDA:7,saveQueue
FNDA:2,enqueueOperation
FNDA:2,dequeueOperation
FNDA:3,(anonymous_4)
FNDA:2,incrementRetry
FNDA:3,(anonymous_6)
FNDA:1,clearQueue
DA:4,2
DA:7,10
DA:8,10
DA:9,9
DA:11,2
DA:16,7
DA:20,2
DA:21,2
DA:22,2
DA:26,2
DA:27,3
DA:31,2
DA:32,2
DA:33,3
DA:35,2
DA:39,1
LF:16
LH:16
BRDA:9,0,0,7
BRDA:9,0,1,2
BRDA:33,1,0,2
BRDA:33,1,1,1
BRF:4
BRH:4
end_of_record
TN:
SF:src/services/offline/syncService.ts
FN:9,processOperation
FN:31,flushQueue
FN:54,startSyncListener
FN:57,(anonymous_3)
FNF:4
FNH:2
FNDA:11,processOperation
FNDA:11,flushQueue
FNDA:0,startSyncListener
FNDA:0,(anonymous_3)
DA:7,1
DA:10,11
DA:11,7
DA:13,7
DA:14,5
DA:15,5
DA:19,4
DA:20,4
DA:21,4
DA:22,3
DA:23,3
DA:24,3
DA:32,11
DA:33,11
DA:35,10
DA:36,12
DA:37,1
DA:38,1
DA:39,1
DA:41,11
DA:42,11
DA:43,8
DA:45,3
DA:55,0
DA:57,0
DA:58,0
DA:59,0
DA:60,0
DA:62,0
LF:29
LH:23
BRDA:10,0,0,7
BRDA:10,0,1,4
BRDA:19,1,0,4
BRDA:19,1,1,0
BRDA:21,2,0,1
BRDA:21,2,1,3
BRDA:21,3,0,4
BRDA:21,3,1,3
BRDA:33,4,0,1
BRDA:33,4,1,10
BRDA:36,5,0,1
BRDA:36,5,1,11
BRDA:58,6,0,0
BRDA:58,6,1,0
BRDA:59,7,0,0
BRDA:59,7,1,0
BRDA:59,8,0,0
BRDA:59,8,1,0
BRF:18
BRH:11
end_of_record
TN:
SF:src/services/voice/voiceService.ts
FN:5,startVoiceRecording
FN:18,stopVoiceRecording
FN:27,cancelVoiceRecording
FN:34,isRecording
FNF:4
FNH:4
FNDA:11,startVoiceRecording
FNDA:4,stopVoiceRecording
FNDA:8,cancelVoiceRecording
FNDA:19,isRecording
DA:3,1
DA:6,11
DA:7,11
DA:8,10
DA:12,10
DA:15,10
DA:19,4
DA:20,3
DA:21,3
DA:22,3
DA:23,3
DA:24,3
DA:28,8
DA:29,7
DA:30,7
DA:31,7
DA:35,19
LF:17
LH:17
BRDA:7,0,0,1
BRDA:7,0,1,10
BRDA:19,1,0,1
BRDA:19,1,1,3
BRDA:28,2,0,1
BRDA:28,2,1,7
BRF:6
BRH:6
end_of_record
TN:
SF:src/store/authStore.ts
FN:23,(anonymous_0)
FN:28,(anonymous_1)
FN:37,(anonymous_2)
FN:61,(anonymous_3)
FN:73,(anonymous_4)
FN:79,(anonymous_5)
FNF:6
FNH:6
FNDA:1,(anonymous_0)
FNDA:3,(anonymous_1)
FNDA:3,(anonymous_2)
FNDA:2,(anonymous_3)
FNDA:1,(anonymous_4)
FNDA:3,(anonymous_5)
DA:7,1
DA:9,1
DA:23,1
DA:29,3
DA:30,3
DA:31,2
DA:33,1
DA:38,3
DA:40,3
DA:41,0
DA:42,0
DA:43,0
DA:44,0
DA:46,0
DA:47,0
DA:48,0
DA:51,3
DA:52,3
DA:53,2
DA:54,2
DA:56,1
DA:57,1
DA:62,2
DA:63,2
DA:64,2
DA:65,1
DA:66,1
DA:68,1
DA:69,1
DA:74,1
DA:75,1
DA:76,1
DA:80,3
DA:81,3
DA:82,2
DA:83,1
DA:84,1
DA:86,1
DA:89,1
LF:39
LH:32
BRDA:30,0,0,2
BRDA:30,0,1,1
BRDA:40,1,0,0
BRDA:40,1,1,3
BRDA:42,2,0,0
BRDA:42,2,1,0
BRDA:74,3,0,1
BRDA:74,3,1,0
BRDA:82,4,0,1
BRDA:82,4,1,1
BRF:10
BRH:6
end_of_record
TN:
SF:src/store/issueStore.ts
FN:37,(anonymous_0)
FN:43,(anonymous_1)
FN:45,(anonymous_2)
FN:48,(anonymous_3)
FN:50,(anonymous_4)
FN:52,(anonymous_5)
FN:53,(anonymous_6)
FN:55,(anonymous_7)
FN:56,(anonymous_8)
FN:58,(anonymous_9)
FN:59,(anonymous_10)
FN:60,(anonymous_11)
FN:65,(anonymous_12)
FN:77,(anonymous_13)
FN:81,(anonymous_14)
FNF:15
FNH:14
FNDA:1,(anonymous_0)
FNDA:2,(anonymous_1)
FNDA:0,(anonymous_2)
FNDA:2,(anonymous_3)
FNDA:2,(anonymous_4)
FNDA:5,(anonymous_5)
FNDA:5,(anonymous_6)
FNDA:1,(anonymous_7)
FNDA:1,(anonymous_8)
FNDA:4,(anonymous_9)
FNDA:4,(anonymous_10)
FNDA:5,(anonymous_11)
FNDA:3,(anonymous_12)
FNDA:5,(anonymous_13)
FNDA:20,(anonymous_14)
DA:5,1
DA:29,1
DA:35,1
DA:37,1
DA:44,2
DA:45,2
DA:48,2
DA:50,2
DA:53,5
DA:56,1
DA:59,4
DA:61,5
DA:66,3
DA:67,3
DA:68,2
DA:69,1
DA:70,1
DA:78,5
DA:79,5
DA:81,5
DA:82,20
DA:83,15
DA:84,12
DA:86,4
DA:88,4
DA:90,9
LF:26
LH:26
BRDA:61,0,0,3
BRDA:61,0,1,2
BRDA:68,1,0,1
BRDA:68,1,1,1
BRDA:82,2,0,5
BRDA:82,2,1,15
BRDA:82,3,0,20
BRDA:82,3,1,8
BRDA:83,4,0,3
BRDA:83,4,1,12
BRDA:83,5,0,15
BRDA:83,5,1,5
BRDA:84,6,0,4
BRDA:84,6,1,8
BRDA:86,7,0,4
BRDA:86,7,1,3
BRDA:88,8,0,3
BRDA:88,8,1,1
BRF:18
BRH:18
end_of_record
TN:
SF:src/store/uiStore.ts
FN:22,(anonymous_0)
FN:27,(anonymous_1)
FN:29,(anonymous_2)
FN:33,(anonymous_3)
FN:33,(anonymous_4)
FN:36,(anonymous_5)
FN:38,(anonymous_6)
FNF:7
FNH:7
FNDA:1,(anonymous_0)
FNDA:2,(anonymous_1)
FNDA:6,(anonymous_2)
FNDA:2,(anonymous_3)
FNDA:2,(anonymous_4)
FNDA:1,(anonymous_5)
FNDA:2,(anonymous_6)
DA:22,1
DA:27,2
DA:30,6
DA:31,6
DA:33,6
DA:36,1
DA:38,2
LF:7
LH:7
BRDA:29,0,0,2
BRDA:33,1,0,1
BRDA:33,1,1,1
BRF:3
BRH:3
end_of_record
TN:
SF:src/types/index.ts
FNF:0
FNH:0
LF:0
LH:0
BRF:0
BRH:0
end_of_record
